2020-11-05 08:08:45,339 [INFO] Activator:178 - 


2020-11-05 08:08:45,339 [INFO] Activator:179 - !SESSION log4j initialized
2020-11-05 08:09:37,115 [INFO] ApplicationProperties:181 - Using Application install path: C:\ST\STM32CubeIDE_1.4.0\STM32CubeIDE\plugins\com.st.stm32cube.common.mx_6.0.0.202007160824
2020-11-05 08:09:37,130 [INFO] DbMcusXml:70 - Set database path to: C:\ST\STM32CubeIDE_1.4.0\STM32CubeIDE\plugins\com.st.stm32cube.common.mx_6.0.0.202007160824\\db\/mcu/
2020-11-05 08:09:37,130 [INFO] DbBoardsPdsc:56 - Set plugin database path to: C:\ST\STM32CubeIDE_1.4.0\STM32CubeIDE\plugins\com.st.stm32cube.common.mx_6.0.0.202007160824\\db\/plugins/boardmanager/
2020-11-05 08:09:37,130 [INFO] DbMcus:258 - Set plugin images path to: C:\ST\STM32CubeIDE_1.4.0\STM32CubeIDE\plugins\com.st.stm32cube.common.mx_6.0.0.202007160824\\db\/plugins/mcufinder/images/
2020-11-05 08:09:37,130 [INFO] DbBoards:264 - Set plugin images path to: C:\ST\STM32CubeIDE_1.4.0\STM32CubeIDE\plugins\com.st.stm32cube.common.mx_6.0.0.202007160824\\db\/plugins/mcufinder/images/
2020-11-05 08:09:37,130 [INFO] DbExamples:326 - Set plugin images path to: C:\ST\STM32CubeIDE_1.4.0\STM32CubeIDE\plugins\com.st.stm32cube.common.mx_6.0.0.202007160824\\db\/plugins/mcufinder/images/
2020-11-05 08:09:37,146 [INFO] DbMcusDocs:112 - Set database path to: C:\Users\AutoBike01\.stmcufinder\plugins\mcufinder//mcu/
2020-11-05 08:09:37,146 [INFO] DbMcusJson:63 - Set database path to: C:\Users\AutoBike01\.stmcufinder\plugins\mcufinder//mcu/
2020-11-05 08:09:37,146 [INFO] DbBoardsDocs:112 - Set database path to: C:\Users\AutoBike01\.stmcufinder\plugins\mcufinder//mcu/
2020-11-05 08:09:37,146 [INFO] DbBoardsJson:56 - Set database path to: C:\Users\AutoBike01\.stmcufinder\plugins\mcufinder//mcu/
2020-11-05 08:09:37,146 [INFO] CrossReferenceDbSqlite:196 - Set database path to: C:\Users\AutoBike01\.stmcufinder\plugins\mcufinder//mcu/cs/
2020-11-05 08:09:37,161 [INFO] DbExamplesSqlite:800 - Set database path to: C:\Users\AutoBike01\.stmcufinder\plugins\mcufinder//mcu/
2020-11-05 08:09:37,284 [INFO] RulesReader:52 - Compatibility file has been processed (209 Rules)
2020-11-05 08:09:37,462 [INFO] MicroXplorer:564 - Detected Java Version = 1.8.0_252
2020-11-05 08:09:37,462 [INFO] DbMcusXml:70 - Set database path to: C:\ST\STM32CubeIDE_1.4.0\STM32CubeIDE\plugins\com.st.stm32cube.common.mx_6.0.0.202007160824\\db\/mcu/
2020-11-05 08:09:37,462 [INFO] DbBoardsPdsc:56 - Set plugin database path to: C:\ST\STM32CubeIDE_1.4.0\STM32CubeIDE\plugins\com.st.stm32cube.common.mx_6.0.0.202007160824\\db\/plugins/boardmanager/
2020-11-05 08:09:37,462 [INFO] DbMcus:258 - Set plugin images path to: C:\ST\STM32CubeIDE_1.4.0\STM32CubeIDE\plugins\com.st.stm32cube.common.mx_6.0.0.202007160824\\db\/plugins/mcufinder/images/
2020-11-05 08:09:37,462 [INFO] DbBoards:264 - Set plugin images path to: C:\ST\STM32CubeIDE_1.4.0\STM32CubeIDE\plugins\com.st.stm32cube.common.mx_6.0.0.202007160824\\db\/plugins/mcufinder/images/
2020-11-05 08:09:37,462 [INFO] DbExamples:326 - Set plugin images path to: C:\ST\STM32CubeIDE_1.4.0\STM32CubeIDE\plugins\com.st.stm32cube.common.mx_6.0.0.202007160824\\db\/plugins/mcufinder/images/
2020-11-05 08:09:37,462 [WARN] DbFile:36 - Overriding database path with different value: C:\Users\AutoBike01\.stmcufinder\plugins\mcufinder/ => C:\Users\AutoBike01\.stmcufinder\plugins\mcufinder
2020-11-05 08:09:37,462 [INFO] DbMcusDocs:112 - Set database path to: C:\Users\AutoBike01\.stmcufinder\plugins\mcufinder//mcu/
2020-11-05 08:09:37,462 [WARN] DbFile:36 - Overriding database path with different value: C:\Users\AutoBike01\.stmcufinder\plugins\mcufinder/ => C:\Users\AutoBike01\.stmcufinder\plugins\mcufinder
2020-11-05 08:09:37,462 [INFO] DbMcusJson:63 - Set database path to: C:\Users\AutoBike01\.stmcufinder\plugins\mcufinder//mcu/
2020-11-05 08:09:37,462 [WARN] DbFile:36 - Overriding database path with different value: C:\Users\AutoBike01\.stmcufinder\plugins\mcufinder/ => C:\Users\AutoBike01\.stmcufinder\plugins\mcufinder
2020-11-05 08:09:37,462 [INFO] DbBoardsDocs:112 - Set database path to: C:\Users\AutoBike01\.stmcufinder\plugins\mcufinder//mcu/
2020-11-05 08:09:37,462 [WARN] DbFile:36 - Overriding database path with different value: C:\Users\AutoBike01\.stmcufinder\plugins\mcufinder/ => C:\Users\AutoBike01\.stmcufinder\plugins\mcufinder
2020-11-05 08:09:37,462 [INFO] DbBoardsJson:56 - Set database path to: C:\Users\AutoBike01\.stmcufinder\plugins\mcufinder//mcu/
2020-11-05 08:09:37,462 [WARN] DbFile:36 - Overriding database path with different value: C:\Users\AutoBike01\.stmcufinder\plugins\mcufinder/ => C:\Users\AutoBike01\.stmcufinder\plugins\mcufinder
2020-11-05 08:09:37,462 [WARN] DbFile:36 - Overriding database path with different value: C:\Users\AutoBike01\.stmcufinder\plugins\mcufinder/ => C:\Users\AutoBike01\.stmcufinder\plugins\mcufinder
2020-11-05 08:09:37,462 [INFO] CrossReferenceDbSqlite:196 - Set database path to: C:\Users\AutoBike01\.stmcufinder\plugins\mcufinder//mcu/cs/
2020-11-05 08:09:37,462 [WARN] DbFile:36 - Overriding database path with different value: C:\Users\AutoBike01\.stmcufinder\plugins\mcufinder/ => C:\Users\AutoBike01\.stmcufinder\plugins\mcufinder
2020-11-05 08:09:37,462 [INFO] DbExamplesSqlite:800 - Set database path to: C:\Users\AutoBike01\.stmcufinder\plugins\mcufinder//mcu/
2020-11-05 08:09:37,578 [INFO] MainPanel:189 - HeapMemory: 297795584
2020-11-05 08:09:37,663 [INFO] DbMcusXml:70 - Set database path to: C:\ST\STM32CubeIDE_1.4.0\STM32CubeIDE\plugins\com.st.stm32cube.common.mx_6.0.0.202007160824\\db\/mcu/
2020-11-05 08:09:37,663 [INFO] DbBoardsPdsc:56 - Set plugin database path to: C:\ST\STM32CubeIDE_1.4.0\STM32CubeIDE\plugins\com.st.stm32cube.common.mx_6.0.0.202007160824\\db\/plugins/boardmanager/
2020-11-05 08:09:37,663 [INFO] DbMcus:258 - Set plugin images path to: C:\ST\STM32CubeIDE_1.4.0\STM32CubeIDE\plugins\com.st.stm32cube.common.mx_6.0.0.202007160824\\db\/plugins/mcufinder/images/
2020-11-05 08:09:37,663 [INFO] DbBoards:264 - Set plugin images path to: C:\ST\STM32CubeIDE_1.4.0\STM32CubeIDE\plugins\com.st.stm32cube.common.mx_6.0.0.202007160824\\db\/plugins/mcufinder/images/
2020-11-05 08:09:37,663 [INFO] DbExamples:326 - Set plugin images path to: C:\ST\STM32CubeIDE_1.4.0\STM32CubeIDE\plugins\com.st.stm32cube.common.mx_6.0.0.202007160824\\db\/plugins/mcufinder/images/
2020-11-05 08:09:37,663 [WARN] DbFile:36 - Overriding database path with different value: C:\Users\AutoBike01\.stmcufinder\plugins\mcufinder/ => C:\Users\AutoBike01\.stmcufinder\plugins\mcufinder
2020-11-05 08:09:37,663 [INFO] DbMcusDocs:112 - Set database path to: C:\Users\AutoBike01\.stmcufinder\plugins\mcufinder//mcu/
2020-11-05 08:09:37,663 [WARN] DbFile:36 - Overriding database path with different value: C:\Users\AutoBike01\.stmcufinder\plugins\mcufinder/ => C:\Users\AutoBike01\.stmcufinder\plugins\mcufinder
2020-11-05 08:09:37,663 [INFO] DbMcusJson:63 - Set database path to: C:\Users\AutoBike01\.stmcufinder\plugins\mcufinder//mcu/
2020-11-05 08:09:37,663 [WARN] DbFile:36 - Overriding database path with different value: C:\Users\AutoBike01\.stmcufinder\plugins\mcufinder/ => C:\Users\AutoBike01\.stmcufinder\plugins\mcufinder
2020-11-05 08:09:37,663 [INFO] DbBoardsDocs:112 - Set database path to: C:\Users\AutoBike01\.stmcufinder\plugins\mcufinder//mcu/
2020-11-05 08:09:37,663 [WARN] DbFile:36 - Overriding database path with different value: C:\Users\AutoBike01\.stmcufinder\plugins\mcufinder/ => C:\Users\AutoBike01\.stmcufinder\plugins\mcufinder
2020-11-05 08:09:37,663 [INFO] DbBoardsJson:56 - Set database path to: C:\Users\AutoBike01\.stmcufinder\plugins\mcufinder//mcu/
2020-11-05 08:09:37,663 [WARN] DbFile:36 - Overriding database path with different value: C:\Users\AutoBike01\.stmcufinder\plugins\mcufinder/ => C:\Users\AutoBike01\.stmcufinder\plugins\mcufinder
2020-11-05 08:09:37,663 [WARN] DbFile:36 - Overriding database path with different value: C:\Users\AutoBike01\.stmcufinder\plugins\mcufinder/ => C:\Users\AutoBike01\.stmcufinder\plugins\mcufinder
2020-11-05 08:09:37,663 [INFO] CrossReferenceDbSqlite:196 - Set database path to: C:\Users\AutoBike01\.stmcufinder\plugins\mcufinder//mcu/cs/
2020-11-05 08:09:37,678 [WARN] DbFile:36 - Overriding database path with different value: C:\Users\AutoBike01\.stmcufinder\plugins\mcufinder/ => C:\Users\AutoBike01\.stmcufinder\plugins\mcufinder
2020-11-05 08:09:37,678 [INFO] DbExamplesSqlite:800 - Set database path to: C:\Users\AutoBike01\.stmcufinder\plugins\mcufinder//mcu/
2020-11-05 08:09:37,701 [INFO] ApplicationProperties:181 - Using Application install path: C:\ST\STM32CubeIDE_1.4.0\STM32CubeIDE\plugins\com.st.stm32cube.common.mx_6.0.0.202007160824
2020-11-05 08:09:37,701 [INFO] PluginManage:178 - Search for loadable plugins [exclusion list=, ]
2020-11-05 08:09:37,701 [INFO] PluginManage:292 - Check plugin analytics
2020-11-05 08:09:37,901 [INFO] AnalyticsPlugin:203 - Accepted Software Licenses: 
2020-11-05 08:09:37,901 [INFO] AnalyticsPlugin:205 - Accepted CMSIS Pack Licenses: 
2020-11-05 08:09:37,901 [INFO] AnalyticsPlugin:207 - Accepted Firmware Licenses: 
2020-11-05 08:09:37,901 [INFO] PluginManage:342 - Loaded plugin analytics (category:tool,tabindex:-1)
2020-11-05 08:09:37,901 [INFO] PluginManage:292 - Check plugin clock
2020-11-05 08:09:37,917 [INFO] PluginManage:342 - Loaded plugin clock (category:base,tabindex:2)
2020-11-05 08:09:37,917 [INFO] PluginManage:292 - Check plugin ddr
2020-11-05 08:09:37,917 [INFO] PluginManage:342 - Loaded plugin ddr (category:tool,tabindex:6)
2020-11-05 08:09:37,917 [INFO] PluginManage:292 - Check plugin filemanager
2020-11-05 08:09:38,048 [INFO] PluginManage:342 - Loaded plugin filemanager (category:base,tabindex:10)
2020-11-05 08:09:38,048 [INFO] PluginManage:292 - Check plugin ipmanager
2020-11-05 08:09:38,102 [INFO] PluginManage:342 - Loaded plugin ipmanager (category:base,tabindex:5)
2020-11-05 08:09:38,102 [INFO] PluginManage:292 - Check plugin pinoutandconfiguration
2020-11-05 08:09:38,117 [INFO] PluginManage:342 - Loaded plugin pinoutandconfiguration (category:base,tabindex:1)
2020-11-05 08:09:38,117 [INFO] PluginManage:292 - Check plugin pinoutconfig
2020-11-05 08:09:38,164 [INFO] PluginManage:342 - Loaded plugin pinoutconfig (category:base,tabindex:0)
2020-11-05 08:09:38,164 [INFO] PluginManage:292 - Check plugin power
2020-11-05 08:09:38,186 [INFO] PluginManage:342 - Loaded plugin power (category:power,tabindex:4)
2020-11-05 08:09:38,186 [INFO] PluginManage:292 - Check plugin projectmanager
2020-11-05 08:09:38,202 [INFO] PluginManage:342 - Loaded plugin projectmanager (category:projectmanager,tabindex:3)
2020-11-05 08:09:38,202 [INFO] PluginManage:292 - Check plugin thirdparty
2020-11-05 08:09:38,337 [INFO] ThirdPartyDb:333 - Open Third Party DataBase File (C:/Users/AutoBike01/.stm32cubemx/plugins/thirdparty/db/thirdparties_db.xml) : 48 ms. number of Sw pack : 24
2020-11-05 08:09:38,339 [INFO] PluginManage:342 - Loaded plugin thirdparty (category:base,tabindex:-1)
2020-11-05 08:09:38,339 [INFO] PluginManage:292 - Check plugin tools
2020-11-05 08:09:38,389 [INFO] PluginManage:342 - Loaded plugin tools (category:base,tabindex:7)
2020-11-05 08:09:38,389 [INFO] PluginManage:292 - Check plugin tutovideos
2020-11-05 08:09:38,650 [INFO] PluginManage:342 - Loaded plugin tutovideos (category:base,tabindex:-1)
2020-11-05 08:09:38,650 [INFO] PluginManage:292 - Check plugin updater
2020-11-05 08:09:38,660 [INFO] PluginManage:342 - Loaded plugin updater (category:base,tabindex:12)
2020-11-05 08:09:38,669 [INFO] PluginManage:265 - PluginManage : Loaded plugins [13]
2020-11-05 08:09:38,932 [INFO] PinOutPanel:1418 - setPackage(No Configuration,No Configuration)
2020-11-05 08:09:39,081 [INFO] IPUIPlugin:64 - create IPUIPlugin
2020-11-05 08:09:39,081 [INFO] PluginManager:200 - loadIPPluginJar : add adc
2020-11-05 08:09:39,112 [INFO] IPUIPlugin:64 - create IPUIPlugin
2020-11-05 08:09:39,112 [INFO] PluginManager:200 - loadIPPluginJar : add aes
2020-11-05 08:09:39,143 [INFO] IPUIPlugin:64 - create IPUIPlugin
2020-11-05 08:09:39,143 [INFO] PluginManager:200 - loadIPPluginJar : add can
2020-11-05 08:09:39,174 [INFO] IPUIPlugin:64 - create IPUIPlugin
2020-11-05 08:09:39,174 [INFO] PluginManager:200 - loadIPPluginJar : add comp
2020-11-05 08:09:39,201 [INFO] IPUIPlugin:64 - create IPUIPlugin
2020-11-05 08:09:39,201 [INFO] PluginManager:200 - loadIPPluginJar : add cryp
2020-11-05 08:09:39,223 [INFO] IPUIPlugin:64 - create IPUIPlugin
2020-11-05 08:09:39,223 [INFO] PluginManager:200 - loadIPPluginJar : add dfsdm
2020-11-05 08:09:39,241 [INFO] IPUIPlugin:64 - create IPUIPlugin
2020-11-05 08:09:39,241 [INFO] PluginManager:200 - loadIPPluginJar : add dma
2020-11-05 08:09:39,263 [INFO] IPUIPlugin:64 - create IPUIPlugin
2020-11-05 08:09:39,263 [INFO] PluginManager:200 - loadIPPluginJar : add fatfs
2020-11-05 08:09:39,312 [INFO] IPUIPlugin:64 - create IPUIPlugin
2020-11-05 08:09:39,312 [INFO] PluginManager:200 - loadIPPluginJar : add fmc
2020-11-05 08:09:39,322 [INFO] IPUIPlugin:64 - create IPUIPlugin
2020-11-05 08:09:39,322 [INFO] PluginManager:200 - loadIPPluginJar : add freertos
2020-11-05 08:09:39,356 [INFO] IPUIPlugin:64 - create IPUIPlugin
2020-11-05 08:09:39,356 [INFO] PluginManager:200 - loadIPPluginJar : add genericplugin
2020-11-05 08:09:39,421 [INFO] IPUIPlugin:64 - create IPUIPlugin
2020-11-05 08:09:39,421 [INFO] PluginManager:200 - loadIPPluginJar : add gfxmmu
2020-11-05 08:09:39,513 [INFO] IPUIPlugin:64 - create IPUIPlugin
2020-11-05 08:09:39,513 [INFO] PluginManager:200 - loadIPPluginJar : add gic
2020-11-05 08:09:39,534 [INFO] IPUIPlugin:64 - create IPUIPlugin
2020-11-05 08:09:39,534 [INFO] PluginManager:200 - loadIPPluginJar : add gpio
2020-11-05 08:09:39,584 [INFO] IPUIPlugin:64 - create IPUIPlugin
2020-11-05 08:09:39,584 [INFO] PluginManager:200 - loadIPPluginJar : add gtzc
2020-11-05 08:09:39,614 [INFO] IPUIPlugin:64 - create IPUIPlugin
2020-11-05 08:09:39,614 [INFO] PluginManager:200 - loadIPPluginJar : add hash
2020-11-05 08:09:39,654 [INFO] IPUIPlugin:64 - create IPUIPlugin
2020-11-05 08:09:39,654 [INFO] PluginManager:200 - loadIPPluginJar : add i2c
2020-11-05 08:09:39,695 [INFO] IPUIPlugin:64 - create IPUIPlugin
2020-11-05 08:09:39,695 [INFO] PluginManager:200 - loadIPPluginJar : add i2s
2020-11-05 08:09:39,703 [INFO] IPUIPlugin:64 - create IPUIPlugin
2020-11-05 08:09:39,713 [INFO] PluginManager:200 - loadIPPluginJar : add ipddr
2020-11-05 08:09:39,735 [INFO] IPUIPlugin:64 - create IPUIPlugin
2020-11-05 08:09:39,735 [INFO] PluginManager:200 - loadIPPluginJar : add ltdc
2020-11-05 08:09:39,753 [INFO] IPUIPlugin:64 - create IPUIPlugin
2020-11-05 08:09:39,753 [INFO] PluginManager:200 - loadIPPluginJar : add mdma
2020-11-05 08:09:39,763 [INFO] IPUIPlugin:64 - create IPUIPlugin
2020-11-05 08:09:39,763 [INFO] PluginManager:200 - loadIPPluginJar : add nvic
2020-11-05 08:09:39,789 [INFO] IPUIPlugin:64 - create IPUIPlugin
2020-11-05 08:09:39,789 [INFO] PluginManager:200 - loadIPPluginJar : add opamp
2020-11-05 08:09:39,836 [INFO] IPUIPlugin:64 - create IPUIPlugin
2020-11-05 08:09:39,836 [INFO] PluginManager:200 - loadIPPluginJar : add openamp
2020-11-05 08:09:39,873 [INFO] IPUIPlugin:64 - create IPUIPlugin
2020-11-05 08:09:39,873 [INFO] PluginManager:200 - loadIPPluginJar : add pdm2pcm
2020-11-05 08:09:39,889 [INFO] IPUIPlugin:64 - create IPUIPlugin
2020-11-05 08:09:39,889 [INFO] PluginManager:200 - loadIPPluginJar : add plateformsettings
2020-11-05 08:09:39,905 [INFO] IPUIPlugin:64 - create IPUIPlugin
2020-11-05 08:09:39,905 [INFO] PluginManager:200 - loadIPPluginJar : add quadspi
2020-11-05 08:09:39,920 [INFO] IPUIPlugin:64 - create IPUIPlugin
2020-11-05 08:09:39,920 [INFO] PluginManager:200 - loadIPPluginJar : add resmgrutility
2020-11-05 08:09:39,967 [INFO] IPUIPlugin:64 - create IPUIPlugin
2020-11-05 08:09:39,967 [INFO] PluginManager:200 - loadIPPluginJar : add sai
2020-11-05 08:09:39,989 [INFO] IPUIPlugin:64 - create IPUIPlugin
2020-11-05 08:09:39,989 [INFO] PluginManager:200 - loadIPPluginJar : add spi
2020-11-05 08:09:40,036 [INFO] IPUIPlugin:64 - create IPUIPlugin
2020-11-05 08:09:40,036 [INFO] PluginManager:200 - loadIPPluginJar : add stm32_wpan
2020-11-05 08:09:40,052 [INFO] IPUIPlugin:64 - create IPUIPlugin
2020-11-05 08:09:40,052 [INFO] PluginManager:200 - loadIPPluginJar : add tim
2020-11-05 08:09:40,105 [INFO] IPUIPlugin:64 - create IPUIPlugin
2020-11-05 08:09:40,105 [INFO] PluginManager:200 - loadIPPluginJar : add touchsensing
2020-11-05 08:09:40,136 [INFO] IPUIPlugin:64 - create IPUIPlugin
2020-11-05 08:09:40,136 [INFO] PluginManager:200 - loadIPPluginJar : add tracer_emb
2020-11-05 08:09:40,152 [INFO] IPUIPlugin:64 - create IPUIPlugin
2020-11-05 08:09:40,152 [INFO] PluginManager:200 - loadIPPluginJar : add ts
2020-11-05 08:09:40,174 [INFO] IPUIPlugin:64 - create IPUIPlugin
2020-11-05 08:09:40,174 [INFO] PluginManager:200 - loadIPPluginJar : add tsc
2020-11-05 08:09:40,205 [INFO] IPUIPlugin:64 - create IPUIPlugin
2020-11-05 08:09:40,205 [INFO] PluginManager:200 - loadIPPluginJar : add ucpd
2020-11-05 08:09:40,237 [INFO] IPUIPlugin:64 - create IPUIPlugin
2020-11-05 08:09:40,237 [INFO] PluginManager:200 - loadIPPluginJar : add usart
2020-11-05 08:09:40,891 [INFO] CubeProgrammer:457 - [DDR PANEL] - PathOfProgrammer: null
2020-11-05 08:09:41,778 [FATAL] Updater:282 - Updater called before beeing initialized
2020-11-05 08:09:42,001 [FATAL] Updater:282 - Updater called before beeing initialized
2020-11-05 08:09:42,001 [WARN] ThirdParty:775 - waiting for thirdparty lock release [close project]
2020-11-05 08:09:42,001 [INFO] ThirdParty:777 - entering critical section [close project]
2020-11-05 08:09:42,001 [INFO] ThirdParty:790 - exiting critical section [close project]
2020-11-05 08:09:42,001 [INFO] PinOutPanel:1418 - setPackage(No Configuration,No Configuration)
2020-11-05 08:09:42,001 [FATAL] Updater:282 - Updater called before beeing initialized
2020-11-05 08:09:42,017 [ERROR] Updater:967 - MainUpdater not yet initialized. External WinMGr cannot be set.
2020-11-05 08:09:42,017 [INFO] CubeProgrammer:457 - [DDR PANEL] - PathOfProgrammer: C:\ST\STM32CubeIDE_1.4.0\STM32CubeIDE\plugins\com.st.stm32cube.ide.mcu.externaltools.cubeprogrammer.win32_1.4.0.202007081208\tools\bin
2020-11-05 08:09:42,032 [INFO] ProgrammerExecThread:148 - [ProgrammerAPI] CubeProgrammer command construction: C:\ST\STM32CubeIDE_1.4.0\STM32CubeIDE\plugins\com.st.stm32cube.ide.mcu.externaltools.cubeprogrammer.win32_1.4.0.202007081208\tools\bin\STM32_Programmer_CLI.exe -l
2020-11-05 08:09:42,684 [INFO] MainDdrPanel:49 - [DDR PANEL] SETTER - Set cubeProgrammerPath to: C:\ST\STM32CubeIDE_1.4.0\STM32CubeIDE\plugins\com.st.stm32cube.ide.mcu.externaltools.cubeprogrammer.win32_1.4.0.202007081208\tools\bin
2020-11-05 08:09:42,818 [INFO] Updater:904 - Updater Version found : 6.0.0
2020-11-05 08:09:42,832 [INFO] ApplicationProperties:181 - Using Application install path: C:\ST\STM32CubeIDE_1.4.0\STM32CubeIDE\plugins\com.st.stm32cube.common.mx_6.0.0.202007160824
2020-11-05 08:09:43,034 [INFO] MainUpdater:2268 - connection check result : 10
2020-11-05 08:09:43,034 [INFO] MainUpdater:239 - Updater Check For Update Now.
2020-11-05 08:09:43,034 [INFO] MicroXplorer:414 - Change Database Version : DB.6.0.0
2020-11-05 08:09:43,118 [INFO] CheckServerUpdateThread:102 - End of CheckServer Thread
2020-11-05 08:09:43,196 [INFO] MainUpdater:2268 - connection check result : 10
2020-11-05 08:09:43,425 [INFO] ServerAccessManage:348 - Download File mcusDocs.json._tmp_
2020-11-05 08:09:43,490 [INFO] LoadUrlFilesThread:135 - End of LoadUrlFiles Thread
2020-11-05 08:09:43,597 [INFO] ServerAccessManage:348 - Download File mcusFeaturesAndDescription.json._tmp_
2020-11-05 08:09:43,766 [INFO] LoadUrlFilesThread:135 - End of LoadUrlFiles Thread
2020-11-05 08:09:43,888 [INFO] ServerAccessManage:348 - Download File boardsDocs.json._tmp_
2020-11-05 08:09:44,066 [INFO] LoadUrlFilesThread:135 - End of LoadUrlFiles Thread
2020-11-05 08:09:44,272 [INFO] ServerAccessManage:348 - Download File boards.json._tmp_
2020-11-05 08:09:44,357 [WARN] IntegrityCheckThread:61 - waiting for thirdparty lock release [integrity check]
2020-11-05 08:09:44,357 [INFO] IntegrityCheckThread:63 - entering critical section [integrity check]
2020-11-05 08:09:44,358 [WARN] MainUpdater:1087 - Updater busy. Cannot search thirdparties
2020-11-05 08:09:44,361 [INFO] LoadUrlFilesThread:135 - End of LoadUrlFiles Thread
2020-11-05 08:09:44,426 [INFO] ServerAccessManage:348 - Download File cube-finder-db.zip
2020-11-05 08:09:44,689 [INFO] FileExtend:225 - Unzip File : cube-finder-db.zip
2020-11-05 08:09:44,689 [INFO] FileExtend:240 - Standard Zip Deflate
2020-11-05 08:09:45,054 [INFO] LoadUrlFilesThread:135 - End of LoadUrlFiles Thread
2020-11-05 08:09:45,190 [INFO] ServerAccessManage:348 - Download File crdb.zip
2020-11-05 08:09:45,490 [INFO] FileExtend:225 - Unzip File : crdb.zip
2020-11-05 08:09:45,506 [INFO] FileExtend:240 - Standard Zip Deflate
2020-11-05 08:09:45,529 [INFO] LoadUrlFilesThread:135 - End of LoadUrlFiles Thread
2020-11-05 08:09:45,585 [INFO] ServerAccessManage:348 - Download File tutoVideoDB.zip
2020-11-05 08:09:45,616 [INFO] FileExtend:225 - Unzip File : tutoVideoDB.zip
2020-11-05 08:09:45,616 [INFO] FileExtend:240 - Standard Zip Deflate
2020-11-05 08:09:45,648 [INFO] LoadUrlFilesThread:135 - End of LoadUrlFiles Thread
2020-11-05 08:09:45,662 [INFO] DbMcusDocs:145 - JSON generation date=Wed Oct 28 11:12:07 CET 2020 (1603879927)
2020-11-05 08:09:45,681 [INFO] DbMcusXml:100 - Load MCU database from C:\ST\STM32CubeIDE_1.4.0\STM32CubeIDE\plugins\com.st.stm32cube.common.mx_6.0.0.202007160824\\db\/mcu/families.xml
2020-11-05 08:09:46,292 [INFO] DbMcusJson:92 - JSON generation date=Wed Oct 28 11:12:07 CET 2020 (1603879927)
2020-11-05 08:09:46,984 [INFO] DbMcus:175 - Found 1761 MCUs (1722 are supported by CubeMX, 1738 are visible in CubeMX)
2020-11-05 08:09:46,984 [INFO] ApiDb:201 - Load user favorites file C:\Users\AutoBike01/.stm32cubemx/favorites.mcus.txt: 0 item(s)
2020-11-05 08:09:46,984 [INFO] ApiDb:205 - User favorites MCUs=[]
2020-11-05 08:09:46,984 [INFO] DbMcus:187 - Set 0 / 0 favorites MCUs
2020-11-05 08:09:47,115 [INFO] DbMcusDocs:81 - Found 601 MCUs documents
2020-11-05 08:09:47,117 [INFO] ApiDb:226 - Save user favorites file C:\Users\AutoBike01/.stm32cubemx/favorites.mcus.txt: 0 item(s)
2020-11-05 08:09:47,117 [INFO] ApiDb:230 - User favorites MCUs=[]
2020-11-05 08:09:47,117 [INFO] DbMcusXml:100 - Load MCU database from C:\ST\STM32CubeIDE_1.4.0\STM32CubeIDE\plugins\com.st.stm32cube.common.mx_6.0.0.202007160824\\db\/mcu/families.xml
2020-11-05 08:09:47,469 [INFO] ThirdPartyDb:299 - Save Third Party DataBase File (C:/Users/AutoBike01/.stm32cubemx/plugins/thirdparty/db/thirdparties_db.xml) [forced]
2020-11-05 08:09:47,469 [INFO] DbMcusJson:92 - JSON generation date=Wed Oct 28 11:12:07 CET 2020 (1603879927)
2020-11-05 08:09:47,540 [INFO] ThirdPartyDb:299 - Save Third Party DataBase File (C:/Users/AutoBike01/.stm32cubemx/plugins/thirdparty/db/thirdparties_db.xml) [forced]
2020-11-05 08:09:47,560 [INFO] IntegrityCheckThread:76 - exiting critical section [integrity check]
2020-11-05 08:09:47,560 [INFO] IntegrityCheckThread:79 - End integrity checks thread
2020-11-05 08:09:47,726 [INFO] MainUpdater:2268 - connection check result : 10
2020-11-05 08:09:47,945 [INFO] DbMcus:175 - Found 1761 MCUs (1722 are supported by CubeMX, 1738 are visible in CubeMX)
2020-11-05 08:09:47,945 [INFO] ApiDb:201 - Load user favorites file C:\Users\AutoBike01/.stm32cubemx/favorites.mcus.txt: 0 item(s)
2020-11-05 08:09:47,945 [INFO] ApiDb:205 - User favorites MCUs=[]
2020-11-05 08:09:47,945 [INFO] DbMcus:187 - Set 0 / 0 favorites MCUs
2020-11-05 08:09:47,976 [INFO] DbBoardsDocs:145 - JSON generation date=Wed Oct 28 11:12:07 CET 2020 (1603879927)
2020-11-05 08:09:47,992 [INFO] DbBoardsPdsc:94 - Found 23 items
2020-11-05 08:09:48,008 [INFO] DbBoardsPdsc:94 - Found 9 items
2020-11-05 08:09:48,023 [INFO] DbBoardsPdsc:94 - Found 29 items
2020-11-05 08:09:48,030 [INFO] DbBoardsPdsc:94 - Found 1 items
2020-11-05 08:09:48,045 [INFO] DbBoardsPdsc:94 - Found 44 items
2020-11-05 08:09:48,061 [INFO] DbBoardsPdsc:94 - Found 40 items
2020-11-05 08:09:48,061 [INFO] DbBoardsPdsc:94 - Found 2 items
2020-11-05 08:09:48,077 [INFO] DbBoardsPdsc:94 - Found 4 items
2020-11-05 08:09:48,077 [WARN] DbBoardsPdsc:258 - Board STM32H7B3I-DK: unknown feature type=Audio, name=, username=Audio stereo codec with Headphone Amp (CS42L51-CNZ), n=1
2020-11-05 08:09:48,077 [WARN] DbBoardsPdsc:258 - Board STM32H735G-DK: unknown feature type=Audio, name=, username=Audio stereo codec with Headphone Amp (WM8994ECS/R), n=1
2020-11-05 08:09:48,092 [WARN] DbBoardsPdsc:258 - Board STM32H7B3I-EVAL: unknown feature type=Audio, name=, username=Multi-Channel Audio Codec (CS42L51-CNZ), n=1
2020-11-05 08:09:48,092 [WARN] DbBoardsPdsc:258 - Board STM32H7B3I-EVAL: unknown feature type=Meter, name=, username=Power-metering and Temperature-monitoring with sigma-delta modulators, n=1
2020-11-05 08:09:48,092 [WARN] DbBoardsPdsc:258 - Board STM32H7B3I-EVAL: unknown feature type=Motor, name=, username=Motor Control, n=1
2020-11-05 08:09:48,092 [INFO] DbBoardsJson:85 - JSON generation date=Mon Sep 28 15:22:09 CEST 2020 (1601299329)
2020-11-05 08:09:48,108 [INFO] DbBoards:117 - Found 153 boards (149 are supported by CubeMX)
2020-11-05 08:09:48,130 [INFO] DbBoardsDocs:145 - JSON generation date=Wed Oct 28 11:12:07 CET 2020 (1603879927)
2020-11-05 08:09:48,146 [INFO] DbBoardsDocs:81 - Found 190 boards documents
2020-11-05 08:09:48,146 [WARN] DbBoards:127 - board B-L462E-CELL1 has no document id list !
2020-11-05 08:09:48,146 [WARN] DbBoards:127 - board B-L475E-IOT01A2 has no document id list !
2020-11-05 08:09:48,146 [WARN] DbBoards:127 - board NUCLEO-G491RE has no document id list !
2020-11-05 08:09:48,146 [WARN] DbBoards:127 - board NUCLEO-H743ZI2 has no document id list !
2020-11-05 08:09:48,146 [WARN] DbBoards:127 - board NUCLEO-WB35CE has no document id list !
2020-11-05 08:09:48,146 [WARN] DbBoards:127 - board NUCLEO-WB55RG has no document id list !
2020-11-05 08:09:48,146 [WARN] DbBoards:127 - board P-NUCLEO-WB55-Nucleo has no document id list !
2020-11-05 08:09:48,146 [WARN] DbBoards:127 - board P-NUCLEO-WB55-USBDongle has no document id list !
2020-11-05 08:09:48,146 [WARN] DbBoards:127 - board STEVAL-BFA001V1B has no document id list !
2020-11-05 08:09:48,146 [WARN] DbBoards:127 - board STEVAL-BFA001V2B has no document id list !
2020-11-05 08:09:48,146 [WARN] DbBoards:127 - board STEVAL-IDP005V1 has no document id list !
2020-11-05 08:09:48,146 [WARN] DbBoards:127 - board STEVAL-IDP005V2 has no document id list !
2020-11-05 08:09:48,146 [WARN] DbBoards:127 - board STEVAL-MKSBOX1V1 has no document id list !
2020-11-05 08:09:48,146 [WARN] DbBoards:127 - board STEVAL-STWINKT1 has no document id list !
2020-11-05 08:09:48,146 [WARN] DbBoards:127 - board STM32F401C-DISCO has no document id list !
2020-11-05 08:09:48,146 [WARN] DbBoards:127 - board STM32F769I-DISC1 has no document id list !
2020-11-05 08:09:48,146 [WARN] DbBoards:127 - board STM32G474E-EVAL1 has no document id list !
2020-11-05 08:09:48,146 [WARN] DbBoards:127 - board STM32H743I-EVAL2 has no document id list !
2020-11-05 08:09:48,146 [WARN] DbBoards:127 - board STM32H747I-DISC1 has no document id list !
2020-11-05 08:09:48,146 [WARN] DbBoards:127 - board STM32H753I-EVAL2 has no document id list !
2020-11-05 08:09:48,146 [WARN] DbBoards:127 - board STM32L-DISCOVERY has no document id list !
2020-11-05 08:09:48,146 [WARN] DbBoards:127 - board STM32MP157A-DK1 has no document id list !
2020-11-05 08:09:48,146 [WARN] DbBoards:127 - board STM32MP157F-EV1 has no document id list !
2020-11-05 08:09:48,230 [ERROR] DbBoards:192 - No image file URL for board B-L462E-CELL1
2020-11-05 08:09:48,493 [ERROR] DbBoards:192 - No image file URL for board NUCLEO-WB35CE
2020-11-05 08:09:49,373 [INFO] ApiDb:201 - Load user favorites file C:\Users\AutoBike01/.stm32cubemx/favorites.boards.txt: 0 item(s)
2020-11-05 08:09:49,373 [INFO] ApiDb:205 - User favorites Boards=[]
2020-11-05 08:09:49,373 [INFO] DbBoards:206 - Set 0 / 0 favorites Boards
2020-11-05 08:09:49,398 [INFO] DbBoardsDocs:81 - Found 380 boards documents
2020-11-05 08:09:49,398 [INFO] ApiDb:226 - Save user favorites file C:\Users\AutoBike01/.stm32cubemx/favorites.boards.txt: 0 item(s)
2020-11-05 08:09:49,398 [INFO] ApiDb:230 - User favorites Boards=[]
2020-11-05 08:09:49,398 [INFO] DbBoardsPdsc:94 - Found 23 items
2020-11-05 08:09:49,398 [INFO] DbBoardsPdsc:94 - Found 9 items
2020-11-05 08:09:49,413 [INFO] DbBoardsPdsc:94 - Found 29 items
2020-11-05 08:09:49,413 [INFO] DbBoardsPdsc:94 - Found 1 items
2020-11-05 08:09:49,413 [INFO] DbBoardsPdsc:94 - Found 44 items
2020-11-05 08:09:49,413 [INFO] DbBoardsPdsc:94 - Found 40 items
2020-11-05 08:09:49,413 [INFO] DbBoardsPdsc:94 - Found 2 items
2020-11-05 08:09:49,413 [INFO] DbBoardsPdsc:94 - Found 4 items
2020-11-05 08:09:49,429 [WARN] DbBoardsPdsc:258 - Board STM32H7B3I-DK: unknown feature type=Audio, name=, username=Audio stereo codec with Headphone Amp (CS42L51-CNZ), n=1
2020-11-05 08:09:49,429 [WARN] DbBoardsPdsc:258 - Board STM32H735G-DK: unknown feature type=Audio, name=, username=Audio stereo codec with Headphone Amp (WM8994ECS/R), n=1
2020-11-05 08:09:49,433 [WARN] DbBoardsPdsc:258 - Board STM32H7B3I-EVAL: unknown feature type=Audio, name=, username=Multi-Channel Audio Codec (CS42L51-CNZ), n=1
2020-11-05 08:09:49,433 [WARN] DbBoardsPdsc:258 - Board STM32H7B3I-EVAL: unknown feature type=Meter, name=, username=Power-metering and Temperature-monitoring with sigma-delta modulators, n=1
2020-11-05 08:09:49,433 [WARN] DbBoardsPdsc:258 - Board STM32H7B3I-EVAL: unknown feature type=Motor, name=, username=Motor Control, n=1
2020-11-05 08:09:49,433 [INFO] DbBoardsJson:85 - JSON generation date=Mon Sep 28 15:22:09 CEST 2020 (1601299329)
2020-11-05 08:09:49,448 [INFO] DbBoards:117 - Found 153 boards (149 are supported by CubeMX)
2020-11-05 08:09:49,448 [WARN] DbBoards:127 - board B-L462E-CELL1 has no document id list !
2020-11-05 08:09:49,448 [WARN] DbBoards:127 - board B-L475E-IOT01A2 has no document id list !
2020-11-05 08:09:49,448 [WARN] DbBoards:127 - board NUCLEO-G491RE has no document id list !
2020-11-05 08:09:49,448 [WARN] DbBoards:127 - board NUCLEO-H743ZI2 has no document id list !
2020-11-05 08:09:49,448 [WARN] DbBoards:127 - board NUCLEO-WB35CE has no document id list !
2020-11-05 08:09:49,448 [WARN] DbBoards:127 - board NUCLEO-WB55RG has no document id list !
2020-11-05 08:09:49,448 [WARN] DbBoards:127 - board P-NUCLEO-WB55-Nucleo has no document id list !
2020-11-05 08:09:49,448 [WARN] DbBoards:127 - board P-NUCLEO-WB55-USBDongle has no document id list !
2020-11-05 08:09:49,448 [WARN] DbBoards:127 - board STEVAL-BFA001V1B has no document id list !
2020-11-05 08:09:49,448 [WARN] DbBoards:127 - board STEVAL-BFA001V2B has no document id list !
2020-11-05 08:09:49,448 [WARN] DbBoards:127 - board STEVAL-IDP005V1 has no document id list !
2020-11-05 08:09:49,448 [WARN] DbBoards:127 - board STEVAL-IDP005V2 has no document id list !
2020-11-05 08:09:49,448 [WARN] DbBoards:127 - board STEVAL-MKSBOX1V1 has no document id list !
2020-11-05 08:09:49,448 [WARN] DbBoards:127 - board STEVAL-STWINKT1 has no document id list !
2020-11-05 08:09:49,448 [WARN] DbBoards:127 - board STM32F401C-DISCO has no document id list !
2020-11-05 08:09:49,448 [WARN] DbBoards:127 - board STM32F769I-DISC1 has no document id list !
2020-11-05 08:09:49,448 [WARN] DbBoards:127 - board STM32G474E-EVAL1 has no document id list !
2020-11-05 08:09:49,448 [WARN] DbBoards:127 - board STM32H743I-EVAL2 has no document id list !
2020-11-05 08:09:49,448 [WARN] DbBoards:127 - board STM32H747I-DISC1 has no document id list !
2020-11-05 08:09:49,448 [WARN] DbBoards:127 - board STM32H753I-EVAL2 has no document id list !
2020-11-05 08:09:49,448 [WARN] DbBoards:127 - board STM32L-DISCOVERY has no document id list !
2020-11-05 08:09:49,448 [WARN] DbBoards:127 - board STM32MP157A-DK1 has no document id list !
2020-11-05 08:09:49,448 [WARN] DbBoards:127 - board STM32MP157F-EV1 has no document id list !
2020-11-05 08:09:49,487 [ERROR] DbBoards:192 - No image file URL for board B-L462E-CELL1
2020-11-05 08:09:49,680 [ERROR] DbBoards:192 - No image file URL for board NUCLEO-WB35CE
2020-11-05 08:09:50,097 [INFO] ApiDb:201 - Load user favorites file C:\Users\AutoBike01/.stm32cubemx/favorites.boards.txt: 0 item(s)
2020-11-05 08:09:50,112 [INFO] ApiDb:205 - User favorites Boards=[]
2020-11-05 08:09:50,112 [INFO] DbBoards:206 - Set 0 / 0 favorites Boards
2020-11-05 08:09:50,266 [INFO] DbExamplesSqlite:156 - SQLite db open (C:\Users\AutoBike01\.stmcufinder\plugins\mcufinder\mcu\cube-finder-db.db)
2020-11-05 08:09:50,807 [INFO] DbExamplesSqlite:447 - Ignored 0 examples not supported by CubeIDE
2020-11-05 08:09:50,807 [INFO] DbExamplesSqlite:448 - Found 4380 examples active
2020-11-05 08:09:50,807 [INFO] DbExamplesSqlite:449 - Found 128 examples obsolete
2020-11-05 08:09:50,807 [INFO] DbExamplesSqlite:450 - Found 250 examples under development
2020-11-05 08:09:50,807 [INFO] DbExamplesSqlite:451 - Found 123 examples not building
2020-11-05 08:09:50,838 [INFO] DbExamplesSqlite:130 - SQLite Data Model version=2.1
2020-11-05 08:09:50,838 [INFO] DbExamplesSqlite:131 - SQLite Configuration version=2.11
2020-11-05 08:09:50,838 [INFO] DbExamplesSqlite:132 - SQLite generation date=2020-10-08 (1602147613)
2020-11-05 08:09:50,838 [INFO] DbExamplesSqlite:133 - SQLite FW Pack versions=[STM32Cube_FW_F4_V1.25.1, STM32Cube_FW_F7_V1.16.0, STM32Cube_FW_G0_V1.3.0, STM32Cube_FW_G4_V1.3.0, STM32Cube_FW_H7_V1.8.0, STM32Cube_FW_L5_V1.3.1, STM32Cube_FW_WB_V1.9.0, STM32Cube_FW_WL_V1.0.0RC1]
2020-11-05 08:09:50,838 [INFO] DbExamples:123 - Found 4503 examples
2020-11-05 08:09:51,201 [ERROR] DbExamples:199 - Found 297 examples with invalid data (board or MCU)
2020-11-05 08:09:51,201 [INFO] DbExamples:215 - Found 58 boards with related examples
2020-11-05 08:09:51,219 [INFO] DbExamples:228 - Found 44 MCUs with related examples
2020-11-05 08:09:51,239 [INFO] ApiDb:192 - User favorites file not found: C:\Users\AutoBike01/.stm32cubemx/favorites.examples.txt
2020-11-05 08:09:51,239 [INFO] DbExamples:249 - Set 0 / 0 favorites Examples
2020-11-05 08:09:51,893 [INFO] McuFinderGlobals:40 - Set McuFinder mode to 2 (CubeIDE integrated)
2020-11-05 08:09:52,052 [INFO] CrossSelectorPresenter:1330 - Cross Selector saved comparison directory: C:\Users\AutoBike01\.stmcufinder\plugins\mcufinder\mcu\cs_comparisons_mx
2020-11-05 08:09:52,057 [INFO] MultiScanPanel:193 - Auto-refresh data requested => check proxy status ongoing
2020-11-05 08:09:52,059 [INFO] FinderPluginLoader:87 - Searching for filters in installed packs
2020-11-05 08:09:52,554 [INFO] LoadUrlFilesThread:162 - End of LoadServerUrlFiles without Thread
2020-11-05 08:09:52,596 [INFO] DetailPanel:331 - Set advertising image to C:/Users/AutoBike01/STM32Cube/Repository/\stm32cubemx-promo_image.jpg
2020-11-05 08:09:52,937 [INFO] McuFilterPanel:245 - Update 0 favorites MCUs
2020-11-05 08:10:32,089 [INFO] MainUpdater:2268 - connection check result : 10
2020-11-05 08:10:32,089 [INFO] MainUpdater:2268 - connection check result : 10
2020-11-05 08:10:32,134 [INFO] MicroXplorer:384 - Change Database Path : 
2020-11-05 08:10:32,134 [INFO] MicroXplorer:414 - Change Database Version : DB.6.0.0
2020-11-05 08:10:32,134 [WARN] ThirdParty:775 - waiting for thirdparty lock release [close project]
2020-11-05 08:10:32,134 [INFO] ThirdParty:777 - entering critical section [close project]
2020-11-05 08:10:32,134 [INFO] ThirdParty:790 - exiting critical section [close project]
2020-11-05 08:10:32,136 [INFO] PinOutPanel:1418 - setPackage(No Configuration,No Configuration)
2020-11-05 08:10:32,137 [INFO] UtilMem:74 - Begin LoadConfig() Used Memory: 527952000 Bytes (847249408)
2020-11-05 08:10:32,139 [INFO] MicroXplorer:384 - Change Database Path : 
2020-11-05 08:10:32,139 [INFO] MicroXplorer:414 - Change Database Version : DB.6.0.0
2020-11-05 08:10:32,139 [INFO] OpenFileManager:274 - Change cursor
2020-11-05 08:10:39,244 [WARN] ApiManager:274 - Cannot register API 'Board Extension:IKS01A3' from pack STMicroelectronics.X-CUBE-MEMS1.8.1.1: no header file found
2020-11-05 08:10:39,244 [WARN] ApiManager:274 - Cannot register API 'Board Extension:IKS01A2' from pack STMicroelectronics.X-CUBE-MEMS1.8.1.1: no header file found
2020-11-05 08:10:39,246 [WARN] ApiManager:274 - Cannot register API 'Board Extension:IKS02A1' from pack STMicroelectronics.X-CUBE-MEMS1.8.1.1: no header file found
2020-11-05 08:10:39,246 [INFO] DependencyParser:915 - This component is not compatible with the current MCU : [1603199727478]
2020-11-05 08:10:39,246 [INFO] ThirdPartyModel:556 - Component with status : MCU_INCOMPATIBLE for condition : GFX01M1_Condition id : 1603199727463
2020-11-05 08:10:39,246 [INFO] DependencyParser:915 - This component is not compatible with the current MCU : [1603199727478]
2020-11-05 08:10:39,246 [INFO] ThirdPartyModel:556 - Component with status : MCU_INCOMPATIBLE for condition : GFX01M1_HelloWorld_Condition id : 1603199727465
2020-11-05 08:10:39,246 [INFO] RtosManager:456 - Registered RTOS mode: class=CMSIS, group=RTOS, mode=CMSIS_V1, owner=FREERTOS
2020-11-05 08:10:39,246 [INFO] RtosManager:456 - Registered RTOS mode: class=CMSIS, group=RTOS2, mode=CMSIS_V2, owner=FREERTOS
2020-11-05 08:10:39,246 [INFO] RtosManager:456 - Registered RTOS mode: class=RTOS, group=Core, mode=CMSIS_V1, owner=FREERTOS
2020-11-05 08:10:39,246 [INFO] RtosManager:456 - Registered RTOS mode: class=RTOS, group=Core, mode=CMSIS_V2, owner=FREERTOS
2020-11-05 08:10:39,246 [WARN] ModelIntegratedComponent:188 - Missing modes for component 1602153671587
2020-11-05 08:10:39,246 [WARN] ApiManager:274 - Cannot register API 'Board Extension:GNSS1A1' from pack STMicroelectronics.X-CUBE-GNSS1.5.0.0: no header file found
2020-11-05 08:10:39,246 [WARN] ApiManager:274 - Cannot register API 'Board Support:Custom' from pack STMicroelectronics.X-CUBE-GNSS1.5.0.0: no header file found
2020-11-05 08:10:39,246 [WARN] ApiManager:274 - Cannot register API 'Data Exchange:lib_gnss' from pack STMicroelectronics.X-CUBE-GNSS1.5.0.0: no header file found
2020-11-05 08:10:39,246 [WARN] ApiManager:274 - Cannot register API 'Board Extension:S2868A1' from pack STMicroelectronics.X-CUBE-SUBG2.2.0.0: no header file found
2020-11-05 08:10:39,246 [WARN] ApiManager:274 - Cannot register API 'Board Extension:S2868A2' from pack STMicroelectronics.X-CUBE-SUBG2.2.0.0: no header file found
2020-11-05 08:10:39,246 [WARN] ApiManager:274 - Cannot register API 'Board Extension:S2915A1' from pack STMicroelectronics.X-CUBE-SUBG2.2.0.0: no header file found
2020-11-05 08:10:39,246 [WARN] ApiManager:274 - Cannot register API 'Wireless:BlueNRG-MS' from pack STMicroelectronics.X-CUBE-BLE1.6.0.0: no header file found
2020-11-05 08:10:39,254 [WARN] ApiManager:274 - Cannot register API 'Wireless:BlueNRG-2' from pack STMicroelectronics.X-CUBE-BLE2.3.0.0: no header file found
2020-11-05 08:10:39,344 [INFO] RtosManager:751 - Current active RTOS is FREERTOS [Cortex-M7NS]
2020-11-05 08:10:39,356 [INFO] ImportTextPane:162 - (OptionalMessage_ERROR) IP (RCC) : Invalid parameter (FamilyName)
2020-11-05 08:10:39,899 [INFO] UtilMem:74 - End LoadConfig() Used Memory: 484540704 Bytes (847249408)
2020-11-05 08:10:39,899 [WARN] ThirdParty:741 - waiting for thirdparty lock release [change project]
2020-11-05 08:10:39,899 [INFO] ThirdParty:743 - entering critical section [change project]
2020-11-05 08:10:39,899 [INFO] ThirdParty:968 - CMSIS Pack Vendor :STMicroelectronics X-CUBE-MEMS1 8.1.1
2020-11-05 08:10:39,899 [INFO] ThirdParty:968 - CMSIS Pack Vendor :STMicroelectronics USB_HOST 2.0.0
2020-11-05 08:10:39,899 [INFO] ThirdParty:968 - CMSIS Pack Vendor :STMicroelectronics X-CUBE-DISPLAY 1.0.0
2020-11-05 08:10:39,899 [INFO] ThirdParty:968 - CMSIS Pack Vendor :STMicroelectronics FreeRTOS 0.0.1
2020-11-05 08:10:39,899 [INFO] ThirdParty:968 - CMSIS Pack Vendor :STMicroelectronics USB_DEVICE 1.0.0
2020-11-05 08:10:39,899 [INFO] ThirdParty:968 - CMSIS Pack Vendor :STMicroelectronics X-CUBE-ALGOBUILD 1.1.0
2020-11-05 08:10:39,899 [INFO] ThirdParty:968 - CMSIS Pack Vendor :STMicroelectronics USB_DEVICE 3.0.0
2020-11-05 08:10:39,899 [INFO] ThirdParty:968 - CMSIS Pack Vendor :STMicroelectronics X-CUBE-GNSS1 5.0.0
2020-11-05 08:10:39,899 [INFO] ThirdParty:968 - CMSIS Pack Vendor :STMicroelectronics X-CUBE-SUBG2 2.0.0
2020-11-05 08:10:39,899 [INFO] ThirdParty:968 - CMSIS Pack Vendor :STMicroelectronics MBEDTLS 2.16.2
2020-11-05 08:10:39,899 [INFO] ThirdParty:968 - CMSIS Pack Vendor :STMicroelectronics X-CUBE-BLE1 6.0.0
2020-11-05 08:10:39,899 [INFO] ThirdParty:968 - CMSIS Pack Vendor :STMicroelectronics lwIP 2.0.3
2020-11-05 08:10:39,899 [INFO] ThirdParty:968 - CMSIS Pack Vendor :STMicroelectronics lwIP 2.1.2
2020-11-05 08:10:39,899 [INFO] ThirdParty:968 - CMSIS Pack Vendor :STMicroelectronics MBEDTLS 2.14.1
2020-11-05 08:10:39,899 [INFO] ThirdParty:968 - CMSIS Pack Vendor :STMicroelectronics USB_HOST 1.0.0
2020-11-05 08:10:39,899 [INFO] ThirdParty:968 - CMSIS Pack Vendor :STMicroelectronics X-CUBE-TOUCHGFX 4.15.0
2020-11-05 08:10:39,899 [INFO] ThirdParty:968 - CMSIS Pack Vendor :STMicroelectronics X-CUBE-TOUCHGFX 4.14.0
2020-11-05 08:10:39,899 [INFO] ThirdParty:968 - CMSIS Pack Vendor :STMicroelectronics X-CUBE-AI 5.2.0
2020-11-05 08:10:39,899 [INFO] ThirdParty:968 - CMSIS Pack Vendor :STMicroelectronics X-CUBE-BLE2 3.0.0
2020-11-05 08:10:39,907 [INFO] ThirdParty:968 - CMSIS Pack Vendor :STMicroelectronics X-CUBE-NFC4 2.0.0
2020-11-05 08:10:39,907 [INFO] ThirdParty:968 - CMSIS Pack Vendor :STMicroelectronics PDM2PCM 3.1.0
2020-11-05 08:10:39,907 [INFO] ThirdParty:968 - CMSIS Pack Vendor :STMicroelectronics PDM2PCM 3.2.0
2020-11-05 08:10:39,907 [INFO] ThirdParty:968 - CMSIS Pack Vendor :STMicroelectronics USB_DEVICE 2.0.0
2020-11-05 08:10:39,907 [INFO] ThirdParty:968 - CMSIS Pack Vendor :STMicroelectronics PDM2PCM 3.3.0
2020-11-05 08:10:39,907 [INFO] ThirdParty:749 - exiting critical section [change project]
2020-11-05 08:10:40,372 [INFO] PinOutPanel:1418 - setPackage(No Configuration,No Configuration)
2020-11-05 08:10:40,372 [INFO] PinOutPanel:1418 - setPackage(STM32H743ZITx,LQFP144)
2020-11-05 08:10:41,056 [INFO] UtilMem:74 - Before build in PCC Used Memory: 560087064 Bytes (847249408)
2020-11-05 08:10:41,509 [INFO] SharedServices:71 - Folder for power plug-in: C:/Users/AutoBike01/.stm32cubemx/plugins/power
2020-11-05 08:10:41,559 [INFO] SharedServices:71 - Folder for power plug-in: C:/Users/AutoBike01/.stm32cubemx/plugins/power
2020-11-05 08:10:41,599 [INFO] SharedServices:71 - Folder for power plug-in: C:/Users/AutoBike01/.stm32cubemx/plugins/power
2020-11-05 08:10:41,609 [INFO] SharedServices:71 - Folder for power plug-in: C:/Users/AutoBike01/.stm32cubemx/plugins/power
2020-11-05 08:10:41,791 [INFO] UtilMem:74 - After build in PCC Used Memory: 629819408 Bytes (847249408)
2020-11-05 08:10:41,869 [INFO] IPUIPlugin:64 - create IPUIPlugin
2020-11-05 08:10:41,869 [INFO] IPUIPlugin:64 - create IPUIPlugin
2020-11-05 08:10:41,869 [INFO] IPUIPlugin:64 - create IPUIPlugin
2020-11-05 08:10:41,869 [INFO] IPUIPlugin:64 - create IPUIPlugin
2020-11-05 08:10:41,869 [INFO] IPUIPlugin:64 - create IPUIPlugin
2020-11-05 08:10:41,869 [INFO] IPUIPlugin:64 - create IPUIPlugin
2020-11-05 08:10:41,869 [INFO] IPUIPlugin:64 - create IPUIPlugin
2020-11-05 08:10:41,869 [INFO] IPUIPlugin:64 - create IPUIPlugin
2020-11-05 08:10:41,869 [INFO] IPUIPlugin:64 - create IPUIPlugin
2020-11-05 08:10:41,869 [INFO] IPUIPlugin:64 - create IPUIPlugin
2020-11-05 08:10:41,869 [INFO] IPUIPlugin:64 - create IPUIPlugin
2020-11-05 08:10:41,869 [INFO] IPUIPlugin:64 - create IPUIPlugin
2020-11-05 08:10:41,869 [INFO] IPUIPlugin:64 - create IPUIPlugin
2020-11-05 08:10:41,871 [INFO] IPUIPlugin:64 - create IPUIPlugin
2020-11-05 08:10:41,871 [INFO] IPUIPlugin:64 - create IPUIPlugin
2020-11-05 08:10:41,871 [INFO] IPUIPlugin:64 - create IPUIPlugin
2020-11-05 08:10:41,871 [INFO] IPUIPlugin:64 - create IPUIPlugin
2020-11-05 08:10:41,871 [INFO] IPUIPlugin:64 - create IPUIPlugin
2020-11-05 08:10:41,871 [INFO] IPUIPlugin:64 - create IPUIPlugin
2020-11-05 08:10:41,871 [INFO] IPUIPlugin:64 - create IPUIPlugin
2020-11-05 08:10:41,871 [INFO] IPUIPlugin:64 - create IPUIPlugin
2020-11-05 08:10:41,871 [INFO] IPUIPlugin:64 - create IPUIPlugin
2020-11-05 08:10:41,871 [INFO] IPUIPlugin:64 - create IPUIPlugin
2020-11-05 08:10:41,871 [INFO] IPUIPlugin:64 - create IPUIPlugin
2020-11-05 08:10:41,871 [INFO] IPUIPlugin:64 - create IPUIPlugin
2020-11-05 08:10:41,871 [INFO] IPUIPlugin:64 - create IPUIPlugin
2020-11-05 08:10:41,871 [INFO] IPUIPlugin:64 - create IPUIPlugin
2020-11-05 08:10:41,871 [INFO] IPUIPlugin:64 - create IPUIPlugin
2020-11-05 08:10:41,871 [INFO] IPUIPlugin:64 - create IPUIPlugin
2020-11-05 08:10:41,871 [INFO] IPUIPlugin:64 - create IPUIPlugin
2020-11-05 08:10:41,871 [INFO] IPUIPlugin:64 - create IPUIPlugin
2020-11-05 08:10:41,871 [INFO] IPUIPlugin:64 - create IPUIPlugin
2020-11-05 08:10:41,871 [INFO] IPUIPlugin:64 - create IPUIPlugin
2020-11-05 08:10:41,871 [INFO] IPUIPlugin:64 - create IPUIPlugin
2020-11-05 08:10:41,871 [INFO] IPUIPlugin:64 - create IPUIPlugin
2020-11-05 08:10:41,871 [INFO] IPUIPlugin:64 - create IPUIPlugin
2020-11-05 08:10:41,871 [INFO] IPUIPlugin:64 - create IPUIPlugin
2020-11-05 08:10:41,871 [INFO] IPUIPlugin:64 - create IPUIPlugin
2020-11-05 08:10:41,871 [INFO] IPUIPlugin:64 - create IPUIPlugin
2020-11-05 08:10:41,871 [INFO] IPUIPlugin:64 - create IPUIPlugin
2020-11-05 08:10:41,871 [INFO] IPUIPlugin:64 - create IPUIPlugin
2020-11-05 08:10:41,871 [INFO] IPUIPlugin:64 - create IPUIPlugin
2020-11-05 08:10:41,871 [INFO] IPUIPlugin:64 - create IPUIPlugin
2020-11-05 08:10:41,871 [INFO] IPUIPlugin:64 - create IPUIPlugin
2020-11-05 08:10:41,871 [INFO] IPUIPlugin:64 - create IPUIPlugin
2020-11-05 08:10:41,871 [INFO] IPUIPlugin:64 - create IPUIPlugin
2020-11-05 08:10:41,871 [INFO] IPUIPlugin:64 - create IPUIPlugin
2020-11-05 08:10:41,871 [INFO] IPUIPlugin:64 - create IPUIPlugin
2020-11-05 08:10:41,871 [INFO] IPUIPlugin:64 - create IPUIPlugin
2020-11-05 08:10:41,871 [INFO] IPUIPlugin:64 - create IPUIPlugin
2020-11-05 08:10:41,871 [INFO] IPUIPlugin:64 - create IPUIPlugin
2020-11-05 08:10:41,871 [INFO] IPUIPlugin:64 - create IPUIPlugin
2020-11-05 08:10:41,871 [INFO] IPUIPlugin:64 - create IPUIPlugin
2020-11-05 08:10:41,871 [INFO] IPUIPlugin:64 - create IPUIPlugin
2020-11-05 08:10:41,871 [INFO] IPUIPlugin:64 - create IPUIPlugin
2020-11-05 08:10:41,871 [INFO] IPUIPlugin:64 - create IPUIPlugin
2020-11-05 08:10:41,871 [INFO] IPUIPlugin:64 - create IPUIPlugin
2020-11-05 08:10:41,871 [INFO] IPUIPlugin:64 - create IPUIPlugin
2020-11-05 08:10:41,871 [INFO] IPUIPlugin:64 - create IPUIPlugin
2020-11-05 08:10:41,871 [INFO] IPUIPlugin:64 - create IPUIPlugin
2020-11-05 08:10:41,871 [INFO] IPUIPlugin:64 - create IPUIPlugin
2020-11-05 08:10:41,871 [INFO] IPUIPlugin:64 - create IPUIPlugin
2020-11-05 08:10:41,871 [INFO] IPUIPlugin:64 - create IPUIPlugin
2020-11-05 08:10:41,871 [INFO] IPUIPlugin:64 - create IPUIPlugin
2020-11-05 08:10:41,871 [INFO] IPUIPlugin:64 - create IPUIPlugin
2020-11-05 08:10:41,879 [INFO] IPUIPlugin:64 - create IPUIPlugin
2020-11-05 08:10:41,879 [INFO] IPUIPlugin:64 - create IPUIPlugin
2020-11-05 08:10:41,879 [INFO] IPUIPlugin:64 - create IPUIPlugin
2020-11-05 08:10:41,879 [INFO] IPUIPlugin:64 - create IPUIPlugin
2020-11-05 08:10:41,879 [INFO] IPUIPlugin:64 - create IPUIPlugin
2020-11-05 08:10:41,879 [INFO] IPUIPlugin:64 - create IPUIPlugin
2020-11-05 08:10:41,879 [INFO] IPUIPlugin:64 - create IPUIPlugin
2020-11-05 08:10:41,879 [INFO] IPUIPlugin:64 - create IPUIPlugin
2020-11-05 08:10:41,879 [INFO] IPUIPlugin:64 - create IPUIPlugin
2020-11-05 08:10:41,879 [INFO] IPUIPlugin:64 - create IPUIPlugin
2020-11-05 08:10:41,879 [INFO] IPUIPlugin:64 - create IPUIPlugin
2020-11-05 08:10:41,879 [INFO] IPUIPlugin:64 - create IPUIPlugin
2020-11-05 08:10:41,879 [INFO] IPUIPlugin:64 - create IPUIPlugin
2020-11-05 08:10:41,881 [INFO] IPUIPlugin:64 - create IPUIPlugin
2020-11-05 08:10:41,881 [INFO] IPUIPlugin:64 - create IPUIPlugin
2020-11-05 08:10:41,881 [INFO] IPUIPlugin:64 - create IPUIPlugin
2020-11-05 08:10:41,881 [INFO] IPUIPlugin:64 - create IPUIPlugin
2020-11-05 08:10:41,881 [INFO] IPUIPlugin:64 - create IPUIPlugin
2020-11-05 08:10:41,881 [INFO] IPUIPlugin:64 - create IPUIPlugin
2020-11-05 08:10:41,881 [INFO] IPUIPlugin:64 - create IPUIPlugin
2020-11-05 08:10:41,881 [INFO] IPUIPlugin:64 - create IPUIPlugin
2020-11-05 08:10:41,881 [INFO] IPUIPlugin:64 - create IPUIPlugin
2020-11-05 08:10:41,881 [INFO] IPUIPlugin:64 - create IPUIPlugin
2020-11-05 08:10:41,881 [INFO] IPUIPlugin:64 - create IPUIPlugin
2020-11-05 08:10:41,881 [INFO] IPUIPlugin:64 - create IPUIPlugin
2020-11-05 08:10:41,881 [INFO] IPUIPlugin:64 - create IPUIPlugin
2020-11-05 08:10:41,881 [INFO] IPUIPlugin:64 - create IPUIPlugin
2020-11-05 08:10:41,881 [INFO] IPUIPlugin:64 - create IPUIPlugin
2020-11-05 08:10:41,881 [INFO] IPUIPlugin:64 - create IPUIPlugin
2020-11-05 08:10:41,881 [INFO] IPUIPlugin:64 - create IPUIPlugin
2020-11-05 08:10:41,881 [INFO] IPUIPlugin:64 - create IPUIPlugin
2020-11-05 08:10:41,932 [ERROR] FreeRTOS:936 - Null or empty value: should not occur! (nothing added to the table)
2020-11-05 08:10:42,030 [INFO] ApiDbMcu:456 - Load IP Config File for FREERTOS
2020-11-05 08:10:42,063 [INFO] LogOutputStream:76 - [STDOUT_REDIRECT] toolchainItems.length=====1
2020-11-05 08:10:42,242 [INFO] RtosManager:573 - Active RTOS found at IOC load: FREERTOS [Cortex-M7NS]
2020-11-05 08:10:42,244 [INFO] OpenFileManager:294 - Restore cursor
2020-11-05 08:10:42,757 [INFO] UtilMem:74 - End SaveConfig() Used Memory: 539823936 Bytes (847249408)
2020-11-05 08:10:42,847 [INFO] UtilMem:74 - End SaveConfig() Used Memory: 551301152 Bytes (847249408)
2020-11-05 08:10:43,329 [INFO] BlockDiagram:2729 - set Specific Code input for plugin: SPI
2020-11-05 08:10:43,329 [INFO] BlockDiagram:2729 - set Specific Code input for plugin: FREERTOS
2020-11-05 08:10:43,329 [INFO] BlockDiagram:2729 - set Specific Code input for plugin: SYS
2020-11-05 08:10:43,329 [INFO] BlockDiagram:2729 - set Specific Code input for plugin: RCC
2020-11-05 08:10:43,329 [INFO] BlockDiagram:2729 - set Specific Code input for plugin: USB_OTG_FS
2020-11-05 08:10:43,329 [INFO] BlockDiagram:2729 - set Specific Code input for plugin: NVIC
2020-11-05 08:10:43,329 [INFO] BlockDiagram:2729 - set Specific Code input for plugin: USART
2020-11-05 08:10:43,329 [INFO] BlockDiagram:2729 - set Specific Code input for plugin: USART
2020-11-05 08:10:43,329 [INFO] BlockDiagram:2729 - set Specific Code input for plugin: UART
2020-11-05 08:10:43,329 [INFO] BlockDiagram:2729 - set Specific Code input for plugin: GPIO
2020-11-05 08:10:43,329 [INFO] BlockDiagram:2729 - set Specific Code input for plugin: ETH
2020-11-05 08:10:43,329 [INFO] CodeGenerator:622 - code generatio: config db path: C:\ST\STM32CubeIDE_1.4.0\STM32CubeIDE\plugins\com.st.stm32cube.common.mx_6.0.0.202007160824\\db\
2020-11-05 08:10:44,124 [INFO] CodeEngine:188 - oldGeneratedFile, C:\Users\AutoBike01\Documents\GitHub\AIGRIP2020HT\Nucleo\MainFolder\Nucleo_FreeRTOS_Gripper\MXTmpFiles\license.tmp_save
2020-11-05 08:10:44,493 [INFO] CodeEngine:206 - Generated code: C:\Users\AutoBike01\Documents\GitHub\AIGRIP2020HT\Nucleo\MainFolder\Nucleo_FreeRTOS_Gripper\MXTmpFiles\license.tmp
2020-11-05 08:10:44,624 [INFO] LogOutputStream:76 - [STDOUT_REDIRECT] hhhhhh
2020-11-05 08:10:44,656 [INFO] CodeEngine:188 - oldGeneratedFile, C:\Users\AutoBike01\Documents\GitHub\AIGRIP2020HT\Nucleo\MainFolder\Nucleo_FreeRTOS_Gripper\MXTmpFiles\gpio.tmp_save
2020-11-05 08:10:44,766 [INFO] CodeEngine:206 - Generated code: C:\Users\AutoBike01\Documents\GitHub\AIGRIP2020HT\Nucleo\MainFolder\Nucleo_FreeRTOS_Gripper\MXTmpFiles\gpio.tmp
2020-11-05 08:10:45,803 [INFO] LogOutputStream:76 - [STDOUT_REDIRECT] Command line
2020-11-05 08:10:45,823 [INFO] Middleware:1168 - No code input for Bsp Dependency
2020-11-05 08:10:45,853 [INFO] CodeEngine:188 - oldGeneratedFile, C:\Users\AutoBike01\Documents\GitHub\AIGRIP2020HT\Nucleo\MainFolder\Nucleo_FreeRTOS_Gripper\MXTmpFiles\rtos_inc.tmp_save
2020-11-05 08:10:45,924 [INFO] CodeEngine:206 - Generated code: C:\Users\AutoBike01\Documents\GitHub\AIGRIP2020HT\Nucleo\MainFolder\Nucleo_FreeRTOS_Gripper\MXTmpFiles\rtos_inc.tmp
2020-11-05 08:10:45,944 [INFO] CodeEngine:188 - oldGeneratedFile, C:\Users\AutoBike01\Documents\GitHub\AIGRIP2020HT\Nucleo\MainFolder\Nucleo_FreeRTOS_Gripper\MXTmpFiles\rtos_kernelInit.tmp_save
2020-11-05 08:10:46,014 [INFO] CodeEngine:206 - Generated code: C:\Users\AutoBike01\Documents\GitHub\AIGRIP2020HT\Nucleo\MainFolder\Nucleo_FreeRTOS_Gripper\MXTmpFiles\rtos_kernelInit.tmp
2020-11-05 08:10:46,044 [INFO] CodeEngine:188 - oldGeneratedFile, C:\Users\AutoBike01\Documents\GitHub\AIGRIP2020HT\Nucleo\MainFolder\Nucleo_FreeRTOS_Gripper\MXTmpFiles\rtos_kernelStart.tmp_save
2020-11-05 08:10:46,105 [INFO] CodeEngine:206 - Generated code: C:\Users\AutoBike01\Documents\GitHub\AIGRIP2020HT\Nucleo\MainFolder\Nucleo_FreeRTOS_Gripper\MXTmpFiles\rtos_kernelStart.tmp
2020-11-05 08:10:46,135 [INFO] CodeEngine:188 - oldGeneratedFile, C:\Users\AutoBike01\Documents\GitHub\AIGRIP2020HT\Nucleo\MainFolder\Nucleo_FreeRTOS_Gripper\MXTmpFiles\rtos_typedefs.tmp_save
2020-11-05 08:10:46,205 [INFO] CodeEngine:206 - Generated code: C:\Users\AutoBike01\Documents\GitHub\AIGRIP2020HT\Nucleo\MainFolder\Nucleo_FreeRTOS_Gripper\MXTmpFiles\rtos_typedefs.tmp
2020-11-05 08:10:46,236 [INFO] CodeEngine:188 - oldGeneratedFile, C:\Users\AutoBike01\Documents\GitHub\AIGRIP2020HT\Nucleo\MainFolder\Nucleo_FreeRTOS_Gripper\MXTmpFiles\rtos_vars.tmp_save
2020-11-05 08:10:46,316 [INFO] CodeEngine:206 - Generated code: C:\Users\AutoBike01\Documents\GitHub\AIGRIP2020HT\Nucleo\MainFolder\Nucleo_FreeRTOS_Gripper\MXTmpFiles\rtos_vars.tmp
2020-11-05 08:10:46,346 [INFO] CodeEngine:188 - oldGeneratedFile, C:\Users\AutoBike01\Documents\GitHub\AIGRIP2020HT\Nucleo\MainFolder\Nucleo_FreeRTOS_Gripper\MXTmpFiles\rtos_pfp.tmp_save
2020-11-05 08:10:46,417 [INFO] CodeEngine:206 - Generated code: C:\Users\AutoBike01\Documents\GitHub\AIGRIP2020HT\Nucleo\MainFolder\Nucleo_FreeRTOS_Gripper\MXTmpFiles\rtos_pfp.tmp
2020-11-05 08:10:46,457 [INFO] CodeEngine:188 - oldGeneratedFile, C:\Users\AutoBike01\Documents\GitHub\AIGRIP2020HT\Nucleo\MainFolder\Nucleo_FreeRTOS_Gripper\MXTmpFiles\rtos_obj_creat.tmp_save
2020-11-05 08:10:46,548 [INFO] CodeEngine:206 - Generated code: C:\Users\AutoBike01\Documents\GitHub\AIGRIP2020HT\Nucleo\MainFolder\Nucleo_FreeRTOS_Gripper\MXTmpFiles\rtos_obj_creat.tmp
2020-11-05 08:10:46,578 [INFO] CodeEngine:188 - oldGeneratedFile, C:\Users\AutoBike01\Documents\GitHub\AIGRIP2020HT\Nucleo\MainFolder\Nucleo_FreeRTOS_Gripper\MXTmpFiles\rtos_default_thread.tmp_save
2020-11-05 08:10:46,638 [INFO] CodeEngine:206 - Generated code: C:\Users\AutoBike01\Documents\GitHub\AIGRIP2020HT\Nucleo\MainFolder\Nucleo_FreeRTOS_Gripper\MXTmpFiles\rtos_default_thread.tmp
2020-11-05 08:10:46,668 [INFO] CodeEngine:188 - oldGeneratedFile, C:\Users\AutoBike01\Documents\GitHub\AIGRIP2020HT\Nucleo\MainFolder\Nucleo_FreeRTOS_Gripper\MXTmpFiles\rtos_threads.tmp_save
2020-11-05 08:10:46,729 [INFO] CodeEngine:206 - Generated code: C:\Users\AutoBike01\Documents\GitHub\AIGRIP2020HT\Nucleo\MainFolder\Nucleo_FreeRTOS_Gripper\MXTmpFiles\rtos_threads.tmp
2020-11-05 08:10:46,759 [INFO] CodeEngine:188 - oldGeneratedFile, C:\Users\AutoBike01\Documents\GitHub\AIGRIP2020HT\Nucleo\MainFolder\Nucleo_FreeRTOS_Gripper\Core\Inc\FreeRTOSConfig.h_save
2020-11-05 08:10:46,859 [INFO] CodeEngine:206 - Generated code: C:\Users\AutoBike01\Documents\GitHub\AIGRIP2020HT\Nucleo\MainFolder\Nucleo_FreeRTOS_Gripper\Core\Inc\FreeRTOSConfig.h
2020-11-05 08:10:46,889 [INFO] CodeEngine:188 - oldGeneratedFile, C:\Users\AutoBike01\Documents\GitHub\AIGRIP2020HT\Nucleo\MainFolder\Nucleo_FreeRTOS_Gripper\Core\Src\freertos.c_save
2020-11-05 08:10:46,980 [INFO] CodeEngine:206 - Generated code: C:\Users\AutoBike01\Documents\GitHub\AIGRIP2020HT\Nucleo\MainFolder\Nucleo_FreeRTOS_Gripper\Core\Src\freertos.c
2020-11-05 08:10:46,980 [INFO] LogOutputStream:76 - [STDOUT_REDIRECT] Command line
2020-11-05 08:10:47,010 [INFO] CodeEngine:188 - oldGeneratedFile, C:\Users\AutoBike01\Documents\GitHub\AIGRIP2020HT\Nucleo\MainFolder\Nucleo_FreeRTOS_Gripper\MXTmpFiles\cortex.tmp_save
2020-11-05 08:10:47,079 [INFO] CodeEngine:206 - Generated code: C:\Users\AutoBike01\Documents\GitHub\AIGRIP2020HT\Nucleo\MainFolder\Nucleo_FreeRTOS_Gripper\MXTmpFiles\cortex.tmp
2020-11-05 08:10:47,079 [INFO] LogOutputStream:76 - [STDOUT_REDIRECT] Command line
2020-11-05 08:10:47,079 [INFO] LogOutputStream:76 - [STDOUT_REDIRECT] Command line
2020-11-05 08:10:47,079 [INFO] LogOutputStream:76 - [STDOUT_REDIRECT] Command line
2020-11-05 08:10:47,079 [INFO] LogOutputStream:76 - [STDOUT_REDIRECT] Command line
2020-11-05 08:10:47,119 [INFO] CodeEngine:188 - oldGeneratedFile, C:\Users\AutoBike01\Documents\GitHub\AIGRIP2020HT\Nucleo\MainFolder\Nucleo_FreeRTOS_Gripper\Core\Src\stm32h7xx_it.c_save
2020-11-05 08:10:47,222 [INFO] CodeEngine:206 - Generated code: C:\Users\AutoBike01\Documents\GitHub\AIGRIP2020HT\Nucleo\MainFolder\Nucleo_FreeRTOS_Gripper\Core\Src\stm32h7xx_it.c
2020-11-05 08:10:47,252 [INFO] CodeEngine:188 - oldGeneratedFile, C:\Users\AutoBike01\Documents\GitHub\AIGRIP2020HT\Nucleo\MainFolder\Nucleo_FreeRTOS_Gripper\Core\Inc\stm32h7xx_it.h_save
2020-11-05 08:10:47,330 [INFO] CodeEngine:206 - Generated code: C:\Users\AutoBike01\Documents\GitHub\AIGRIP2020HT\Nucleo\MainFolder\Nucleo_FreeRTOS_Gripper\Core\Inc\stm32h7xx_it.h
2020-11-05 08:10:47,543 [INFO] CodeEngine:188 - oldGeneratedFile, C:\Users\AutoBike01\Documents\GitHub\AIGRIP2020HT\Nucleo\MainFolder\Nucleo_FreeRTOS_Gripper\Core\Src\stm32h7xx_hal_msp.c_save
2020-11-05 08:10:47,714 [INFO] CodeEngine:206 - Generated code: C:\Users\AutoBike01\Documents\GitHub\AIGRIP2020HT\Nucleo\MainFolder\Nucleo_FreeRTOS_Gripper\Core\Src\stm32h7xx_hal_msp.c
2020-11-05 08:10:47,734 [INFO] CodeEngine:188 - oldGeneratedFile, C:\Users\AutoBike01\Documents\GitHub\AIGRIP2020HT\Nucleo\MainFolder\Nucleo_FreeRTOS_Gripper\MXTmpFiles\system.tmp_save
2020-11-05 08:10:47,794 [INFO] CodeEngine:206 - Generated code: C:\Users\AutoBike01\Documents\GitHub\AIGRIP2020HT\Nucleo\MainFolder\Nucleo_FreeRTOS_Gripper\MXTmpFiles\system.tmp
2020-11-05 08:10:47,823 [INFO] CodeEngine:188 - oldGeneratedFile, C:\Users\AutoBike01\Documents\GitHub\AIGRIP2020HT\Nucleo\MainFolder\Nucleo_FreeRTOS_Gripper\Core\Src\stm32h7xx_hal_timebase_tim.c_save
2020-11-05 08:10:47,893 [INFO] CodeEngine:206 - Generated code: C:\Users\AutoBike01\Documents\GitHub\AIGRIP2020HT\Nucleo\MainFolder\Nucleo_FreeRTOS_Gripper\Core\Src\stm32h7xx_hal_timebase_tim.c
2020-11-05 08:10:47,925 [INFO] CodeEngine:188 - oldGeneratedFile, C:\Users\AutoBike01\Documents\GitHub\AIGRIP2020HT\Nucleo\MainFolder\Nucleo_FreeRTOS_Gripper\Core\Inc\stm32h7xx_hal_conf.h_save
2020-11-05 08:10:48,016 [INFO] CodeEngine:206 - Generated code: C:\Users\AutoBike01\Documents\GitHub\AIGRIP2020HT\Nucleo\MainFolder\Nucleo_FreeRTOS_Gripper\Core\Inc\stm32h7xx_hal_conf.h
2020-11-05 08:10:48,066 [WARN] IPConfigManager:2884 - IP not found : USB_OTG
2020-11-05 08:10:48,066 [WARN] IPConfigManager:2884 - IP not found : gpio
2020-11-05 08:10:48,066 [WARN] CodeGenerator:2866 - IP not found : USB_OTG
2020-11-05 08:10:48,066 [WARN] CodeGenerator:2866 - IP not found : gpio
2020-11-05 08:10:48,096 [INFO] CodeEngine:188 - oldGeneratedFile, C:\Users\AutoBike01\Documents\GitHub\AIGRIP2020HT\Nucleo\MainFolder\Nucleo_FreeRTOS_Gripper\Core\Inc\main.h_save
2020-11-05 08:10:48,195 [INFO] CodeEngine:206 - Generated code: C:\Users\AutoBike01\Documents\GitHub\AIGRIP2020HT\Nucleo\MainFolder\Nucleo_FreeRTOS_Gripper\Core\Inc\main.h
2020-11-05 08:10:48,225 [INFO] CodeEngine:188 - oldGeneratedFile, C:\Users\AutoBike01\Documents\GitHub\AIGRIP2020HT\Nucleo\MainFolder\Nucleo_FreeRTOS_Gripper\Core\Src\main.c_save
2020-11-05 08:10:48,457 [INFO] CodeEngine:206 - Generated code: C:\Users\AutoBike01\Documents\GitHub\AIGRIP2020HT\Nucleo\MainFolder\Nucleo_FreeRTOS_Gripper\Core\Src\main.c
2020-11-05 08:10:49,943 [INFO] ProjectBuilder:2168 - Time for Copy HAL[1] : 915mS.
2020-11-05 08:10:49,965 [INFO] ProjectBuilder:2988 - Project Generator version: 3.10.0-B14
2020-11-05 08:10:50,263 [INFO] ConfigFileManager:1183 - The Die is : DIE450
2020-11-05 08:10:50,283 [INFO] ApiDbMcu:456 - Load IP Config File for FATFS
2020-11-05 08:10:50,291 [INFO] ApiDbMcu:456 - Load IP Config File for LIBJPEG
2020-11-05 08:10:50,303 [INFO] ApiDbMcu:456 - Load IP Config File for LWIP
2020-11-05 08:10:50,313 [INFO] ApiDbMcu:456 - Load IP Config File for MBEDTLS
2020-11-05 08:10:50,323 [INFO] ApiDbMcu:456 - Load IP Config File for PDM2PCM
2020-11-05 08:10:50,343 [INFO] ApiDbMcu:456 - Load IP Config File for USB_DEVICE
2020-11-05 08:10:50,353 [INFO] ApiDbMcu:456 - Load IP Config File for USB_HOST
2020-11-05 08:10:52,753 [INFO] ProjectBuilder:3155 - Time for Generating toolchain IDE Files: 2788mS.
2020-11-05 08:10:52,753 [INFO] ProjectBuilder:2044 - Time for Copy CMSIS : 0mS.
2020-11-05 08:10:52,761 [INFO] ProjectBuilder:2044 - Time for Copy CMSIS : 0mS.
2020-11-05 08:10:53,738 [INFO] McuFinderGlobals:40 - Set McuFinder mode to 2 (CubeIDE integrated)
2020-11-05 08:10:53,748 [INFO] CrossSelectorPresenter:1330 - Cross Selector saved comparison directory: C:\Users\AutoBike01\.stmcufinder\plugins\mcufinder\mcu\cs_comparisons_mx
2020-11-05 08:10:53,749 [INFO] MultiScanPanel:193 - Auto-refresh data requested => check proxy status ongoing
2020-11-05 08:10:53,749 [INFO] FinderPluginLoader:87 - Searching for filters in installed packs
2020-11-05 08:10:53,922 [INFO] LoadUrlFilesThread:162 - End of LoadServerUrlFiles without Thread
2020-11-05 08:10:53,922 [INFO] DetailPanel:331 - Set advertising image to C:/Users/AutoBike01/STM32Cube/Repository/\stm32cubemx-promo_image.jpg
2020-11-05 08:10:54,136 [INFO] McuFilterPanel:245 - Update 0 favorites MCUs
2020-11-05 08:11:27,225 [INFO] ApiDb:226 - Save user favorites file C:\Users\AutoBike01/.stm32cubeide/favorites.mcus.txt: 0 item(s)
2020-11-05 08:11:27,225 [INFO] ApiDb:230 - User favorites MCUs=[]
2020-11-05 08:30:05,770 [INFO] I2cTimingTraitement:320 - 0x10707DBC
2020-11-05 08:31:17,607 [INFO] I2cTimingTraitement:320 - 0x10707DBC
2020-11-05 08:31:17,651 [INFO] I2cTimingTraitement:320 - 0x10707DBC
2020-11-05 08:31:22,251 [INFO] I2cTimingTraitement:320 - 0x10707DBC
2020-11-05 08:31:22,293 [INFO] I2cTimingTraitement:320 - 0x10707DBC
2020-11-05 08:31:31,290 [INFO] I2cTimingTraitement:320 - 0x10707DBC
2020-11-05 08:31:34,926 [INFO] NvicIntPanel:90 - NVIC parent = com.st.microxplorer.plugins.ip.nvic.MultiNvicIntPanel[,0,0,519x413,layout=javax.swing.BoxLayout,alignmentX=0.0,alignmentY=0.0,border=,flags=9,maximumSize=,minimumSize=,preferredSize=]
2020-11-05 08:31:46,455 [INFO] I2cTimingTraitement:320 - 0x10707DBC
2020-11-05 08:31:46,496 [INFO] I2cTimingTraitement:320 - 0x10707DBC
2020-11-05 08:31:51,456 [INFO] I2cTimingTraitement:320 - 0x10707DBC
2020-11-05 08:31:51,517 [INFO] I2cTimingTraitement:320 - 0x10707DBC
2020-11-05 08:31:55,071 [INFO] I2cTimingTraitement:320 - 0x10707DBC
2020-11-05 08:31:55,111 [INFO] I2cTimingTraitement:320 - 0x10707DBC
2020-11-05 08:31:59,242 [INFO] I2cTimingTraitement:320 - 0x00602173
2020-11-05 08:31:59,328 [INFO] I2cTimingTraitement:320 - 0x00602173
2020-11-05 08:31:59,485 [INFO] I2cTimingTraitement:320 - 0x00602173
2020-11-05 08:32:10,816 [INFO] I2cTimingTraitement:320 - 0x10707DBC
2020-11-05 08:32:12,181 [INFO] I2cTimingTraitement:320 - 0x00300B29
2020-11-05 08:32:13,874 [INFO] I2cTimingTraitement:320 - 0x00602173
2020-11-05 08:33:37,955 [INFO] UtilMem:74 - End SaveConfig() Used Memory: 802669384 Bytes (990904320)
2020-11-05 08:33:40,221 [INFO] UtilMem:74 - End SaveConfig() Used Memory: 840942400 Bytes (990904320)
2020-11-05 08:33:40,481 [INFO] BlockDiagram:2729 - set Specific Code input for plugin: SPI
2020-11-05 08:33:40,481 [INFO] BlockDiagram:2729 - set Specific Code input for plugin: FREERTOS
2020-11-05 08:33:40,481 [INFO] BlockDiagram:2729 - set Specific Code input for plugin: SYS
2020-11-05 08:33:40,482 [INFO] BlockDiagram:2729 - set Specific Code input for plugin: RCC
2020-11-05 08:33:40,482 [INFO] BlockDiagram:2729 - set Specific Code input for plugin: I2C
2020-11-05 08:33:40,482 [INFO] BlockDiagram:2729 - set Specific Code input for plugin: USB_OTG_FS
2020-11-05 08:33:40,482 [INFO] BlockDiagram:2729 - set Specific Code input for plugin: NVIC
2020-11-05 08:33:40,482 [INFO] BlockDiagram:2729 - set Specific Code input for plugin: USART
2020-11-05 08:33:40,482 [INFO] BlockDiagram:2729 - set Specific Code input for plugin: USART
2020-11-05 08:33:40,482 [INFO] BlockDiagram:2729 - set Specific Code input for plugin: UART
2020-11-05 08:33:40,482 [INFO] BlockDiagram:2729 - set Specific Code input for plugin: GPIO
2020-11-05 08:33:40,482 [INFO] BlockDiagram:2729 - set Specific Code input for plugin: ETH
2020-11-05 08:33:40,483 [INFO] CodeGenerator:622 - code generatio: config db path: C:\ST\STM32CubeIDE_1.4.0\STM32CubeIDE\plugins\com.st.stm32cube.common.mx_6.0.0.202007160824\\db\
2020-11-05 08:33:41,031 [INFO] CodeEngine:188 - oldGeneratedFile, C:\Users\AutoBike01\Documents\GitHub\AIGRIP2020HT\Nucleo\MainFolder\Nucleo_FreeRTOS_Gripper\MXTmpFiles\license.tmp_save
2020-11-05 08:33:41,095 [INFO] CodeEngine:206 - Generated code: C:\Users\AutoBike01\Documents\GitHub\AIGRIP2020HT\Nucleo\MainFolder\Nucleo_FreeRTOS_Gripper\MXTmpFiles\license.tmp
2020-11-05 08:33:41,222 [INFO] LogOutputStream:76 - [STDOUT_REDIRECT] hhhhhh
2020-11-05 08:33:41,250 [INFO] CodeEngine:188 - oldGeneratedFile, C:\Users\AutoBike01\Documents\GitHub\AIGRIP2020HT\Nucleo\MainFolder\Nucleo_FreeRTOS_Gripper\MXTmpFiles\gpio.tmp_save
2020-11-05 08:33:41,348 [INFO] CodeEngine:206 - Generated code: C:\Users\AutoBike01\Documents\GitHub\AIGRIP2020HT\Nucleo\MainFolder\Nucleo_FreeRTOS_Gripper\MXTmpFiles\gpio.tmp
2020-11-05 08:33:42,310 [INFO] LogOutputStream:76 - [STDOUT_REDIRECT] Command line
2020-11-05 08:33:42,343 [INFO] Middleware:1168 - No code input for Bsp Dependency
2020-11-05 08:33:42,363 [INFO] CodeEngine:188 - oldGeneratedFile, C:\Users\AutoBike01\Documents\GitHub\AIGRIP2020HT\Nucleo\MainFolder\Nucleo_FreeRTOS_Gripper\MXTmpFiles\rtos_inc.tmp_save
2020-11-05 08:33:42,412 [INFO] CodeEngine:206 - Generated code: C:\Users\AutoBike01\Documents\GitHub\AIGRIP2020HT\Nucleo\MainFolder\Nucleo_FreeRTOS_Gripper\MXTmpFiles\rtos_inc.tmp
2020-11-05 08:33:42,432 [INFO] CodeEngine:188 - oldGeneratedFile, C:\Users\AutoBike01\Documents\GitHub\AIGRIP2020HT\Nucleo\MainFolder\Nucleo_FreeRTOS_Gripper\MXTmpFiles\rtos_kernelInit.tmp_save
2020-11-05 08:33:42,483 [INFO] CodeEngine:206 - Generated code: C:\Users\AutoBike01\Documents\GitHub\AIGRIP2020HT\Nucleo\MainFolder\Nucleo_FreeRTOS_Gripper\MXTmpFiles\rtos_kernelInit.tmp
2020-11-05 08:33:42,501 [INFO] CodeEngine:188 - oldGeneratedFile, C:\Users\AutoBike01\Documents\GitHub\AIGRIP2020HT\Nucleo\MainFolder\Nucleo_FreeRTOS_Gripper\MXTmpFiles\rtos_kernelStart.tmp_save
2020-11-05 08:33:42,555 [INFO] CodeEngine:206 - Generated code: C:\Users\AutoBike01\Documents\GitHub\AIGRIP2020HT\Nucleo\MainFolder\Nucleo_FreeRTOS_Gripper\MXTmpFiles\rtos_kernelStart.tmp
2020-11-05 08:33:42,572 [INFO] CodeEngine:188 - oldGeneratedFile, C:\Users\AutoBike01\Documents\GitHub\AIGRIP2020HT\Nucleo\MainFolder\Nucleo_FreeRTOS_Gripper\MXTmpFiles\rtos_typedefs.tmp_save
2020-11-05 08:33:42,620 [INFO] CodeEngine:206 - Generated code: C:\Users\AutoBike01\Documents\GitHub\AIGRIP2020HT\Nucleo\MainFolder\Nucleo_FreeRTOS_Gripper\MXTmpFiles\rtos_typedefs.tmp
2020-11-05 08:33:42,648 [INFO] CodeEngine:188 - oldGeneratedFile, C:\Users\AutoBike01\Documents\GitHub\AIGRIP2020HT\Nucleo\MainFolder\Nucleo_FreeRTOS_Gripper\MXTmpFiles\rtos_vars.tmp_save
2020-11-05 08:33:42,724 [INFO] CodeEngine:206 - Generated code: C:\Users\AutoBike01\Documents\GitHub\AIGRIP2020HT\Nucleo\MainFolder\Nucleo_FreeRTOS_Gripper\MXTmpFiles\rtos_vars.tmp
2020-11-05 08:33:42,741 [INFO] CodeEngine:188 - oldGeneratedFile, C:\Users\AutoBike01\Documents\GitHub\AIGRIP2020HT\Nucleo\MainFolder\Nucleo_FreeRTOS_Gripper\MXTmpFiles\rtos_pfp.tmp_save
2020-11-05 08:33:42,800 [INFO] CodeEngine:206 - Generated code: C:\Users\AutoBike01\Documents\GitHub\AIGRIP2020HT\Nucleo\MainFolder\Nucleo_FreeRTOS_Gripper\MXTmpFiles\rtos_pfp.tmp
2020-11-05 08:33:42,827 [INFO] CodeEngine:188 - oldGeneratedFile, C:\Users\AutoBike01\Documents\GitHub\AIGRIP2020HT\Nucleo\MainFolder\Nucleo_FreeRTOS_Gripper\MXTmpFiles\rtos_obj_creat.tmp_save
2020-11-05 08:33:42,877 [INFO] CodeEngine:206 - Generated code: C:\Users\AutoBike01\Documents\GitHub\AIGRIP2020HT\Nucleo\MainFolder\Nucleo_FreeRTOS_Gripper\MXTmpFiles\rtos_obj_creat.tmp
2020-11-05 08:33:42,899 [INFO] CodeEngine:188 - oldGeneratedFile, C:\Users\AutoBike01\Documents\GitHub\AIGRIP2020HT\Nucleo\MainFolder\Nucleo_FreeRTOS_Gripper\MXTmpFiles\rtos_default_thread.tmp_save
2020-11-05 08:33:42,948 [INFO] CodeEngine:206 - Generated code: C:\Users\AutoBike01\Documents\GitHub\AIGRIP2020HT\Nucleo\MainFolder\Nucleo_FreeRTOS_Gripper\MXTmpFiles\rtos_default_thread.tmp
2020-11-05 08:33:42,971 [INFO] CodeEngine:188 - oldGeneratedFile, C:\Users\AutoBike01\Documents\GitHub\AIGRIP2020HT\Nucleo\MainFolder\Nucleo_FreeRTOS_Gripper\MXTmpFiles\rtos_threads.tmp_save
2020-11-05 08:33:43,023 [INFO] CodeEngine:206 - Generated code: C:\Users\AutoBike01\Documents\GitHub\AIGRIP2020HT\Nucleo\MainFolder\Nucleo_FreeRTOS_Gripper\MXTmpFiles\rtos_threads.tmp
2020-11-05 08:33:43,052 [INFO] CodeEngine:188 - oldGeneratedFile, C:\Users\AutoBike01\Documents\GitHub\AIGRIP2020HT\Nucleo\MainFolder\Nucleo_FreeRTOS_Gripper\Core\Inc\FreeRTOSConfig.h_save
2020-11-05 08:33:43,122 [INFO] CodeEngine:206 - Generated code: C:\Users\AutoBike01\Documents\GitHub\AIGRIP2020HT\Nucleo\MainFolder\Nucleo_FreeRTOS_Gripper\Core\Inc\FreeRTOSConfig.h
2020-11-05 08:33:43,152 [INFO] CodeEngine:188 - oldGeneratedFile, C:\Users\AutoBike01\Documents\GitHub\AIGRIP2020HT\Nucleo\MainFolder\Nucleo_FreeRTOS_Gripper\Core\Src\freertos.c_save
2020-11-05 08:33:43,218 [INFO] CodeEngine:206 - Generated code: C:\Users\AutoBike01\Documents\GitHub\AIGRIP2020HT\Nucleo\MainFolder\Nucleo_FreeRTOS_Gripper\Core\Src\freertos.c
2020-11-05 08:33:43,221 [INFO] LogOutputStream:76 - [STDOUT_REDIRECT] Command line
2020-11-05 08:33:43,245 [INFO] CodeEngine:188 - oldGeneratedFile, C:\Users\AutoBike01\Documents\GitHub\AIGRIP2020HT\Nucleo\MainFolder\Nucleo_FreeRTOS_Gripper\MXTmpFiles\cortex.tmp_save
2020-11-05 08:33:43,297 [INFO] CodeEngine:206 - Generated code: C:\Users\AutoBike01\Documents\GitHub\AIGRIP2020HT\Nucleo\MainFolder\Nucleo_FreeRTOS_Gripper\MXTmpFiles\cortex.tmp
2020-11-05 08:33:43,299 [INFO] LogOutputStream:76 - [STDOUT_REDIRECT] Command line
2020-11-05 08:33:43,300 [INFO] LogOutputStream:76 - [STDOUT_REDIRECT] Command line
2020-11-05 08:33:43,302 [INFO] LogOutputStream:76 - [STDOUT_REDIRECT] Command line
2020-11-05 08:33:43,303 [INFO] LogOutputStream:76 - [STDOUT_REDIRECT] Command line
2020-11-05 08:33:43,305 [INFO] LogOutputStream:76 - [STDOUT_REDIRECT] Command line
2020-11-05 08:33:43,338 [INFO] CodeEngine:188 - oldGeneratedFile, C:\Users\AutoBike01\Documents\GitHub\AIGRIP2020HT\Nucleo\MainFolder\Nucleo_FreeRTOS_Gripper\Core\Src\stm32h7xx_it.c_save
2020-11-05 08:33:43,414 [INFO] CodeEngine:206 - Generated code: C:\Users\AutoBike01\Documents\GitHub\AIGRIP2020HT\Nucleo\MainFolder\Nucleo_FreeRTOS_Gripper\Core\Src\stm32h7xx_it.c
2020-11-05 08:33:43,436 [INFO] CodeEngine:188 - oldGeneratedFile, C:\Users\AutoBike01\Documents\GitHub\AIGRIP2020HT\Nucleo\MainFolder\Nucleo_FreeRTOS_Gripper\Core\Inc\stm32h7xx_it.h_save
2020-11-05 08:33:43,495 [INFO] CodeEngine:206 - Generated code: C:\Users\AutoBike01\Documents\GitHub\AIGRIP2020HT\Nucleo\MainFolder\Nucleo_FreeRTOS_Gripper\Core\Inc\stm32h7xx_it.h
2020-11-05 08:33:43,697 [INFO] CodeEngine:188 - oldGeneratedFile, C:\Users\AutoBike01\Documents\GitHub\AIGRIP2020HT\Nucleo\MainFolder\Nucleo_FreeRTOS_Gripper\Core\Src\stm32h7xx_hal_msp.c_save
2020-11-05 08:33:43,863 [INFO] CodeEngine:206 - Generated code: C:\Users\AutoBike01\Documents\GitHub\AIGRIP2020HT\Nucleo\MainFolder\Nucleo_FreeRTOS_Gripper\Core\Src\stm32h7xx_hal_msp.c
2020-11-05 08:33:43,881 [INFO] CodeEngine:188 - oldGeneratedFile, C:\Users\AutoBike01\Documents\GitHub\AIGRIP2020HT\Nucleo\MainFolder\Nucleo_FreeRTOS_Gripper\MXTmpFiles\system.tmp_save
2020-11-05 08:33:43,933 [INFO] CodeEngine:206 - Generated code: C:\Users\AutoBike01\Documents\GitHub\AIGRIP2020HT\Nucleo\MainFolder\Nucleo_FreeRTOS_Gripper\MXTmpFiles\system.tmp
2020-11-05 08:33:43,962 [INFO] CodeEngine:188 - oldGeneratedFile, C:\Users\AutoBike01\Documents\GitHub\AIGRIP2020HT\Nucleo\MainFolder\Nucleo_FreeRTOS_Gripper\Core\Src\stm32h7xx_hal_timebase_tim.c_save
2020-11-05 08:33:44,033 [INFO] CodeEngine:206 - Generated code: C:\Users\AutoBike01\Documents\GitHub\AIGRIP2020HT\Nucleo\MainFolder\Nucleo_FreeRTOS_Gripper\Core\Src\stm32h7xx_hal_timebase_tim.c
2020-11-05 08:33:44,096 [INFO] CodeEngine:188 - oldGeneratedFile, C:\Users\AutoBike01\Documents\GitHub\AIGRIP2020HT\Nucleo\MainFolder\Nucleo_FreeRTOS_Gripper\Core\Inc\stm32h7xx_hal_conf.h_save
2020-11-05 08:33:44,179 [INFO] CodeEngine:206 - Generated code: C:\Users\AutoBike01\Documents\GitHub\AIGRIP2020HT\Nucleo\MainFolder\Nucleo_FreeRTOS_Gripper\Core\Inc\stm32h7xx_hal_conf.h
2020-11-05 08:33:44,214 [WARN] IPConfigManager:2884 - IP not found : USB_OTG
2020-11-05 08:33:44,214 [WARN] IPConfigManager:2884 - IP not found : gpio
2020-11-05 08:33:44,215 [WARN] CodeGenerator:2866 - IP not found : USB_OTG
2020-11-05 08:33:44,215 [WARN] CodeGenerator:2866 - IP not found : gpio
2020-11-05 08:33:44,238 [INFO] CodeEngine:188 - oldGeneratedFile, C:\Users\AutoBike01\Documents\GitHub\AIGRIP2020HT\Nucleo\MainFolder\Nucleo_FreeRTOS_Gripper\Core\Inc\main.h_save
2020-11-05 08:33:44,301 [INFO] CodeEngine:206 - Generated code: C:\Users\AutoBike01\Documents\GitHub\AIGRIP2020HT\Nucleo\MainFolder\Nucleo_FreeRTOS_Gripper\Core\Inc\main.h
2020-11-05 08:33:44,332 [INFO] CodeEngine:188 - oldGeneratedFile, C:\Users\AutoBike01\Documents\GitHub\AIGRIP2020HT\Nucleo\MainFolder\Nucleo_FreeRTOS_Gripper\Core\Src\main.c_save
2020-11-05 08:33:44,547 [INFO] CodeEngine:206 - Generated code: C:\Users\AutoBike01\Documents\GitHub\AIGRIP2020HT\Nucleo\MainFolder\Nucleo_FreeRTOS_Gripper\Core\Src\main.c
2020-11-05 08:33:45,286 [INFO] ProjectBuilder:2168 - Time for Copy HAL[1] : 234mS.
2020-11-05 08:33:45,292 [INFO] ProjectBuilder:2988 - Project Generator version: 3.10.0-B14
2020-11-05 08:33:45,524 [INFO] ConfigFileManager:1183 - The Die is : DIE450
2020-11-05 08:33:46,962 [INFO] ProjectBuilder:3155 - Time for Generating toolchain IDE Files: 1670mS.
2020-11-05 08:33:46,963 [INFO] ProjectBuilder:2044 - Time for Copy CMSIS : 0mS.
2020-11-05 08:33:46,974 [INFO] ProjectBuilder:2044 - Time for Copy CMSIS : 0mS.
2020-11-05 08:45:05,148 [INFO] NvicIntPanel:90 - NVIC parent = com.st.microxplorer.plugins.ip.nvic.MultiNvicIntPanel[,0,0,0x0,invalid,layout=javax.swing.BoxLayout,alignmentX=0.0,alignmentY=0.0,border=,flags=9,maximumSize=,minimumSize=,preferredSize=]
