Determining if the pthread_create exist failed with the following output:
Change Dir: /home/aigrip/Documents/communicationControlJetsonNano/JetsonNano/Onboard/build/CMakeFiles/CMakeTmp

Run Build Command:"/usr/bin/make" "cmTC_85602/fast"
/usr/bin/make -f CMakeFiles/cmTC_85602.dir/build.make CMakeFiles/cmTC_85602.dir/build
make[1]: Entering directory '/home/aigrip/Documents/communicationControlJetsonNano/JetsonNano/Onboard/build/CMakeFiles/CMakeTmp'
Building C object CMakeFiles/cmTC_85602.dir/CheckSymbolExists.c.o
/usr/bin/cc   -fPIC    -o CMakeFiles/cmTC_85602.dir/CheckSymbolExists.c.o   -c /home/aigrip/Documents/communicationControlJetsonNano/JetsonNano/Onboard/build/CMakeFiles/CMakeTmp/CheckSymbolExists.c
Linking C executable cmTC_85602
/usr/bin/cmake -E cmake_link_script CMakeFiles/cmTC_85602.dir/link.txt --verbose=1
/usr/bin/cc -fPIC     CMakeFiles/cmTC_85602.dir/CheckSymbolExists.c.o  -o cmTC_85602 
CMakeFiles/cmTC_85602.dir/CheckSymbolExists.c.o: In function `main':
CheckSymbolExists.c:(.text+0x14): undefined reference to `pthread_create'
CheckSymbolExists.c:(.text+0x18): undefined reference to `pthread_create'
collect2: error: ld returned 1 exit status
CMakeFiles/cmTC_85602.dir/build.make:97: recipe for target 'cmTC_85602' failed
make[1]: *** [cmTC_85602] Error 1
make[1]: Leaving directory '/home/aigrip/Documents/communicationControlJetsonNano/JetsonNano/Onboard/build/CMakeFiles/CMakeTmp'
Makefile:126: recipe for target 'cmTC_85602/fast' failed
make: *** [cmTC_85602/fast] Error 2

File /home/aigrip/Documents/communicationControlJetsonNano/JetsonNano/Onboard/build/CMakeFiles/CMakeTmp/CheckSymbolExists.c:
/* */
#include <pthread.h>

int main(int argc, char** argv)
{
  (void)argv;
#ifndef pthread_create
  return ((int*)(&pthread_create))[argc];
#else
  (void)argc;
  return 0;
#endif
}

Determining if the function pthread_create exists in the pthreads failed with the following output:
Change Dir: /home/aigrip/Documents/communicationControlJetsonNano/JetsonNano/Onboard/build/CMakeFiles/CMakeTmp

Run Build Command:"/usr/bin/make" "cmTC_4afd9/fast"
/usr/bin/make -f CMakeFiles/cmTC_4afd9.dir/build.make CMakeFiles/cmTC_4afd9.dir/build
make[1]: Entering directory '/home/aigrip/Documents/communicationControlJetsonNano/JetsonNano/Onboard/build/CMakeFiles/CMakeTmp'
Building C object CMakeFiles/cmTC_4afd9.dir/CheckFunctionExists.c.o
/usr/bin/cc   -fPIC -DCHECK_FUNCTION_EXISTS=pthread_create   -o CMakeFiles/cmTC_4afd9.dir/CheckFunctionExists.c.o   -c /usr/share/cmake-3.10/Modules/CheckFunctionExists.c
Linking C executable cmTC_4afd9
/usr/bin/cmake -E cmake_link_script CMakeFiles/cmTC_4afd9.dir/link.txt --verbose=1
/usr/bin/cc -fPIC -DCHECK_FUNCTION_EXISTS=pthread_create    CMakeFiles/cmTC_4afd9.dir/CheckFunctionExists.c.o  -o cmTC_4afd9 -lpthreads 
/usr/bin/ld: cannot find -lpthreads
collect2: error: ld returned 1 exit status
CMakeFiles/cmTC_4afd9.dir/build.make:97: recipe for target 'cmTC_4afd9' failed
make[1]: *** [cmTC_4afd9] Error 1
make[1]: Leaving directory '/home/aigrip/Documents/communicationControlJetsonNano/JetsonNano/Onboard/build/CMakeFiles/CMakeTmp'
Makefile:126: recipe for target 'cmTC_4afd9/fast' failed
make: *** [cmTC_4afd9/fast] Error 2


